[2022-08-07T12:50:26.527Z] Log level: Info
[2022-08-07T12:50:26.528Z] [info] Validating found git in: git
[2022-08-07T12:50:27.172Z] [info] Using git 2.37.1 from git
[2022-08-07T12:50:27.230Z] > git rev-parse --show-toplevel [50ms]
[2022-08-07T12:50:27.274Z] > git rev-parse --git-dir --git-common-dir [15ms]
[2022-08-07T12:50:27.276Z] [info] Open repository: /home/tom/Code/TOP/battleship
[2022-08-07T12:50:27.339Z] > git status -z -uall [40ms]
[2022-08-07T12:50:27.359Z] > git symbolic-ref --short HEAD [2ms]
[2022-08-07T12:50:27.394Z] > git for-each-ref --format=%(refname)%00%(upstream:short)%00%(objectname)%00%(upstream:track)%00%(upstream:remotename)%00%(upstream:remoteref) refs/heads/main refs/remotes/main [5ms]
[2022-08-07T12:50:27.463Z] > git for-each-ref --sort -committerdate --format %(refname) %(objectname) %(*objectname) [49ms]
[2022-08-07T12:50:27.467Z] > git remote --verbose [31ms]
[2022-08-07T12:50:27.514Z] > git config --get commit.template [0ms]
[2022-08-07T12:50:27.574Z] > git status -z -uall [12ms]
[2022-08-07T12:50:27.601Z] > git symbolic-ref --short HEAD [8ms]
[2022-08-07T12:50:27.625Z] > git for-each-ref --format=%(refname)%00%(upstream:short)%00%(objectname)%00%(upstream:track)%00%(upstream:remotename)%00%(upstream:remoteref) refs/heads/main refs/remotes/main [7ms]
[2022-08-07T12:50:27.661Z] > git remote --verbose [1ms]
[2022-08-07T12:50:27.661Z] > git for-each-ref --sort -committerdate --format %(refname) %(objectname) %(*objectname) [17ms]
[2022-08-07T12:50:27.706Z] > git config --get commit.template [2ms]
[2022-08-07T12:50:28.449Z] > git check-ignore -v -z --stdin [15ms]
[2022-08-07T12:50:28.907Z] > git show --textconv :src/tests/gameboardFactory.test.js [178ms]
[2022-08-07T12:50:28.907Z] > git ls-files --stage -- /home/tom/Code/TOP/battleship/src/tests/gameboardFactory.test.js [134ms]
[2022-08-07T12:50:28.942Z] > git cat-file -s c514b85064156bde5d072b767decf3cdff5cf459 [8ms]
[2022-08-07T13:26:22.887Z] > git show --textconv :src/tests/gameboardFactory.test.js [154ms]
[2022-08-07T13:26:22.887Z] > git ls-files --stage -- /home/tom/Code/TOP/battleship/src/tests/gameboardFactory.test.js [145ms]
[2022-08-07T13:26:22.907Z] > git cat-file -s c514b85064156bde5d072b767decf3cdff5cf459 [12ms]
[2022-08-07T13:27:43.236Z] > git show --textconv :src/tests/gameboardFactory.test.js [8ms]
[2022-08-07T13:27:43.238Z] > git ls-files --stage -- /home/tom/Code/TOP/battleship/src/tests/gameboardFactory.test.js [4ms]
[2022-08-07T13:27:43.255Z] > git cat-file -s c514b85064156bde5d072b767decf3cdff5cf459 [8ms]
[2022-08-07T13:27:46.040Z] > git show --textconv :src/tests/gameboardFactory.test.js [13ms]
[2022-08-07T13:27:46.041Z] > git ls-files --stage -- /home/tom/Code/TOP/battleship/src/tests/gameboardFactory.test.js [2ms]
[2022-08-07T13:27:46.065Z] > git cat-file -s c514b85064156bde5d072b767decf3cdff5cf459 [10ms]
[2022-08-07T13:27:52.950Z] > git check-ignore -v -z --stdin [5ms]
[2022-08-07T13:29:24.631Z] > git show --textconv :src/tests/gameboardFactory.test.js [9ms]
[2022-08-07T13:29:24.632Z] > git ls-files --stage -- /home/tom/Code/TOP/battleship/src/tests/gameboardFactory.test.js [3ms]
[2022-08-07T13:29:24.646Z] > git cat-file -s c514b85064156bde5d072b767decf3cdff5cf459 [8ms]
[2022-08-07T13:29:33.998Z] > git status -z -uall [4ms]
[2022-08-07T13:29:34.005Z] > git symbolic-ref --short HEAD [2ms]
[2022-08-07T13:29:34.015Z] > git for-each-ref --format=%(refname)%00%(upstream:short)%00%(objectname)%00%(upstream:track)%00%(upstream:remotename)%00%(upstream:remoteref) refs/heads/main refs/remotes/main [1ms]
[2022-08-07T13:29:34.032Z] > git for-each-ref --sort -committerdate --format %(refname) %(objectname) %(*objectname) [10ms]
[2022-08-07T13:29:34.034Z] > git remote --verbose [3ms]
[2022-08-07T13:29:34.056Z] > git config --get commit.template [3ms]
[2022-08-07T13:29:39.064Z] > git status -z -uall [1ms]
[2022-08-07T13:29:39.070Z] > git symbolic-ref --short HEAD [1ms]
[2022-08-07T13:29:39.077Z] > git for-each-ref --format=%(refname)%00%(upstream:short)%00%(objectname)%00%(upstream:track)%00%(upstream:remotename)%00%(upstream:remoteref) refs/heads/main refs/remotes/main [1ms]
[2022-08-07T13:29:39.092Z] > git remote --verbose [1ms]
[2022-08-07T13:29:39.092Z] > git for-each-ref --sort -committerdate --format %(refname) %(objectname) %(*objectname) [10ms]
[2022-08-07T13:29:39.103Z] > git config --get commit.template [1ms]
[2022-08-07T13:32:55.090Z] > git show --textconv :src/tests/gameboardFactory.test.js [9ms]
[2022-08-07T13:32:55.090Z] > git ls-files --stage -- /home/tom/Code/TOP/battleship/src/tests/gameboardFactory.test.js [1ms]
[2022-08-07T13:32:55.105Z] > git cat-file -s c514b85064156bde5d072b767decf3cdff5cf459 [9ms]
