[2022-08-06 23:57:11.948] [exthost] [info] Extension host with pid 1852 started
[2022-08-06 23:57:11.948] [exthost] [info] Skipping acquiring lock for /home/tom/.config/Code/User/workspaceStorage/0f7509f6c456abaf24ba71dc59e554ca.
[2022-08-06 23:57:12.105] [exthost] [info] ExtensionService#_doActivateExtension mechatroner.rainbow-csv, startup: false, activationEvent: 'onLanguage:plaintext'
[2022-08-06 23:57:12.112] [exthost] [info] ExtensionService#_doActivateExtension vscode.typescript-language-features, startup: false, activationEvent: 'onLanguage:javascript'
[2022-08-06 23:57:12.126] [exthost] [info] ExtensionService#_doActivateExtension vscode.microsoft-authentication, startup: false, activationEvent: 'onAuthenticationRequest:microsoft'
[2022-08-06 23:57:12.170] [exthost] [info] ExtensionService#_doActivateExtension vscode.debug-auto-launch, startup: true, activationEvent: '*'
[2022-08-06 23:57:12.175] [exthost] [info] ExtensionService#_doActivateExtension vscode.git-base, startup: true, activationEvent: '*', root cause: vscode.git
[2022-08-06 23:57:12.188] [exthost] [info] ExtensionService#_doActivateExtension vscode.ipynb, startup: true, activationEvent: '*'
[2022-08-06 23:57:12.197] [exthost] [info] ExtensionService#_doActivateExtension albert.TabOut, startup: true, activationEvent: '*'
[2022-08-06 23:57:12.210] [exthost] [info] ExtensionService#_doActivateExtension asvetliakov.vscode-neovim, startup: true, activationEvent: '*'
[2022-08-06 23:57:12.224] [exthost] [info] ExtensionService#_doActivateExtension ms-vscode.test-adapter-converter, startup: true, activationEvent: '*', root cause: hbenl.vscode-test-explorer
[2022-08-06 23:57:12.231] [exthost] [info] ExtensionService#_doActivateExtension iocave.monkey-patch, startup: true, activationEvent: '*', root cause: iocave.customize-ui
[2022-08-06 23:57:12.254] [exthost] [info] ExtensionService#_doActivateExtension monokai.theme-monokai-pro-vscode, startup: true, activationEvent: '*'
[2022-08-06 23:57:12.260] [exthost] [info] ExtensionService#_doActivateExtension s-nlf-fh.glassit, startup: true, activationEvent: '*'
[2022-08-06 23:57:12.356] [exthost] [info] ExtensionService#_doActivateExtension WallabyJs.quokka-vscode, startup: true, activationEvent: '*'
[2022-08-06 23:57:12.360] [exthost] [info] ExtensionService#_doActivateExtension vscode.npm, startup: true, activationEvent: 'workspaceContains:package.json'
[2022-08-06 23:57:12.942] [exthost] [error] Activating extension monokai.theme-monokai-pro-vscode failed due to an error:
[2022-08-06 23:57:12.942] [exthost] [error] TypeError: this.isValidLicense is not a function
	at e.get (/home/tom/.vscode/extensions/monokai.theme-monokai-pro-vscode-1.1.20/js/app.js:1268:29)
	at e.value (/home/tom/.vscode/extensions/monokai.theme-monokai-pro-vscode-1.1.20/js/app.js:1432:30)
	at e.value (/home/tom/.vscode/extensions/monokai.theme-monokai-pro-vscode-1.1.20/js/app.js:1360:28)
	at exports.activate (/home/tom/.vscode/extensions/monokai.theme-monokai-pro-vscode-1.1.20/js/main.js:7:6)
	at Function._callActivateOptional (/opt/visual-studio-code/resources/app/out/vs/workbench/api/node/extensionHostProcess.js:97:17473)
	at Function._callActivate (/opt/visual-studio-code/resources/app/out/vs/workbench/api/node/extensionHostProcess.js:97:17131)
	at /opt/visual-studio-code/resources/app/out/vs/workbench/api/node/extensionHostProcess.js:97:14942
	at processTicksAndRejections (node:internal/process/task_queues:96:5)
	at async v._activate (/opt/visual-studio-code/resources/app/out/vs/workbench/api/node/extensionHostProcess.js:85:8180)
	at async v._waitForDepsThenActivate (/opt/visual-studio-code/resources/app/out/vs/workbench/api/node/extensionHostProcess.js:85:8122)
	at async v._initialize (/opt/visual-studio-code/resources/app/out/vs/workbench/api/node/extensionHostProcess.js:85:7486)
[2022-08-06 23:57:13.100] [exthost] [info] ExtensionService#_doActivateExtension vscode.git, startup: true, activationEvent: '*'
[2022-08-06 23:57:13.207] [exthost] [info] ExtensionService#_doActivateExtension vscode.github, startup: true, activationEvent: '*'
[2022-08-06 23:57:13.228] [exthost] [info] ExtensionService#_doActivateExtension hbenl.vscode-test-explorer, startup: true, activationEvent: '*'
[2022-08-06 23:57:13.339] [exthost] [info] ExtensionService#_doActivateExtension iocave.customize-ui, startup: true, activationEvent: '*'
[2022-08-06 23:57:13.825] [exthost] [info] ExtensionService#_doActivateExtension vscode.configuration-editing, startup: false, activationEvent: 'onLanguage:jsonc'
[2022-08-06 23:57:13.852] [exthost] [info] ExtensionService#_doActivateExtension vscode.json-language-features, startup: false, activationEvent: 'onLanguage:jsonc'
[2022-08-06 23:57:13.908] [exthost] [info] ExtensionService#_doActivateExtension kavod-io.vscode-jest-test-adapter, startup: true, activationEvent: '*'
[2022-08-06 23:57:14.184] [exthost] [info] ExtensionService#_doActivateExtension vscode.github-authentication, startup: false, activationEvent: 'onAuthenticationRequest:github'
[2022-08-06 23:57:14.218] [exthost] [info] Eager extensions activated
[2022-08-06 23:57:14.408] [exthost] [info] ExtensionService#_doActivateExtension vscode.emmet, startup: false, activationEvent: 'onStartupFinished'
[2022-08-06 23:57:14.419] [exthost] [info] ExtensionService#_doActivateExtension vscode.merge-conflict, startup: false, activationEvent: 'onStartupFinished'
[2022-08-06 23:57:14.424] [exthost] [info] ExtensionService#_doActivateExtension dbaeumer.vscode-eslint, startup: false, activationEvent: 'onStartupFinished'
[2022-08-06 23:57:14.438] [exthost] [info] ExtensionService#_doActivateExtension esbenp.prettier-vscode, startup: false, activationEvent: 'onStartupFinished'
[2022-08-06 23:57:14.507] [exthost] [info] ExtensionService#_doActivateExtension ritwickdey.LiveServer, startup: false, activationEvent: 'onStartupFinished'
[2022-08-07 08:45:23.953] [exthost] [info] Extension host terminating: received terminate message from renderer
[2022-08-07 08:45:23.975] [exthost] [warning] {"name":"Canceled"}
[2022-08-07 08:45:23.978] [exthost] [info] Extension host with pid 1852 exiting with code 0
[2022-08-07 08:45:25.864] [exthost] [info] Extension host with pid 8661 started
[2022-08-07 08:45:25.864] [exthost] [info] Skipping acquiring lock for /home/tom/.config/Code/User/workspaceStorage/abba933f6dfd66347a7adc9351e2761b.
[2022-08-07 08:45:25.954] [exthost] [info] ExtensionService#_doActivateExtension vscode.microsoft-authentication, startup: false, activationEvent: 'onAuthenticationRequest:microsoft'
[2022-08-07 08:45:25.967] [exthost] [info] ExtensionService#_doActivateExtension vscode.debug-auto-launch, startup: true, activationEvent: '*'
[2022-08-07 08:45:25.969] [exthost] [info] ExtensionService#_doActivateExtension vscode.git-base, startup: true, activationEvent: '*'
[2022-08-07 08:45:25.970] [exthost] [info] ExtensionService#_doActivateExtension vscode.ipynb, startup: true, activationEvent: '*'
[2022-08-07 08:45:25.973] [exthost] [info] ExtensionService#_doActivateExtension ms-vscode.test-adapter-converter, startup: true, activationEvent: '*', root cause: hbenl.vscode-test-explorer
[2022-08-07 08:45:25.975] [exthost] [info] ExtensionService#_doActivateExtension iocave.monkey-patch, startup: true, activationEvent: '*', root cause: iocave.customize-ui
[2022-08-07 08:45:25.979] [exthost] [info] ExtensionService#_doActivateExtension monokai.theme-monokai-pro-vscode, startup: true, activationEvent: '*'
[2022-08-07 08:45:25.981] [exthost] [info] ExtensionService#_doActivateExtension WallabyJs.quokka-vscode, startup: true, activationEvent: '*'
[2022-08-07 08:45:26.052] [exthost] [error] Activating extension monokai.theme-monokai-pro-vscode failed due to an error:
[2022-08-07 08:45:26.052] [exthost] [error] TypeError: this.isValidLicense is not a function
	at e.get (/home/tom/.vscode/extensions/monokai.theme-monokai-pro-vscode-1.1.20/js/app.js:1268:29)
	at e.value (/home/tom/.vscode/extensions/monokai.theme-monokai-pro-vscode-1.1.20/js/app.js:1432:30)
	at e.value (/home/tom/.vscode/extensions/monokai.theme-monokai-pro-vscode-1.1.20/js/app.js:1360:28)
	at exports.activate (/home/tom/.vscode/extensions/monokai.theme-monokai-pro-vscode-1.1.20/js/main.js:7:6)
	at Function._callActivateOptional (/opt/visual-studio-code/resources/app/out/vs/workbench/api/node/extensionHostProcess.js:97:17473)
	at Function._callActivate (/opt/visual-studio-code/resources/app/out/vs/workbench/api/node/extensionHostProcess.js:97:17131)
	at /opt/visual-studio-code/resources/app/out/vs/workbench/api/node/extensionHostProcess.js:97:14942
	at processTicksAndRejections (node:internal/process/task_queues:96:5)
	at async v._activate (/opt/visual-studio-code/resources/app/out/vs/workbench/api/node/extensionHostProcess.js:85:8180)
	at async v._waitForDepsThenActivate (/opt/visual-studio-code/resources/app/out/vs/workbench/api/node/extensionHostProcess.js:85:8122)
	at async v._initialize (/opt/visual-studio-code/resources/app/out/vs/workbench/api/node/extensionHostProcess.js:85:7486)
[2022-08-07 08:45:26.068] [exthost] [info] ExtensionService#_doActivateExtension vscode.github, startup: true, activationEvent: '*'
[2022-08-07 08:45:26.071] [exthost] [info] ExtensionService#_doActivateExtension hbenl.vscode-test-explorer, startup: true, activationEvent: '*'
[2022-08-07 08:45:26.082] [exthost] [info] ExtensionService#_doActivateExtension iocave.customize-ui, startup: true, activationEvent: '*'
[2022-08-07 08:45:26.103] [exthost] [info] Eager extensions activated
[2022-08-07 08:45:26.110] [exthost] [info] ExtensionService#_doActivateExtension vscode.emmet, startup: false, activationEvent: 'onStartupFinished'
[2022-08-07 08:45:26.114] [exthost] [info] ExtensionService#_doActivateExtension vscode.merge-conflict, startup: false, activationEvent: 'onStartupFinished'
[2022-08-07 08:45:26.115] [exthost] [info] ExtensionService#_doActivateExtension esbenp.prettier-vscode, startup: false, activationEvent: 'onStartupFinished'
[2022-08-07 08:45:26.152] [exthost] [info] ExtensionService#_doActivateExtension vscode.github-authentication, startup: false, activationEvent: 'onAuthenticationRequest:github'
[2022-08-07 08:45:28.153] [exthost] [info] ExtensionService#_doActivateExtension vscode.git, startup: false, activationEvent: 'api', root cause: vscode.github
[2022-08-07 08:45:28.189] [exthost] [info] ExtensionService#_doActivateExtension albert.TabOut, startup: false, activationEvent: '*'
[2022-08-07 08:45:28.191] [exthost] [info] ExtensionService#_doActivateExtension asvetliakov.vscode-neovim, startup: false, activationEvent: '*'
[2022-08-07 08:45:28.203] [exthost] [info] ExtensionService#_doActivateExtension dbaeumer.vscode-eslint, startup: false, activationEvent: 'onStartupFinished'
[2022-08-07 08:45:28.217] [exthost] [info] ExtensionService#_doActivateExtension kavod-io.vscode-jest-test-adapter, startup: false, activationEvent: '*'
[2022-08-07 08:45:28.339] [exthost] [info] ExtensionService#_doActivateExtension ritwickdey.LiveServer, startup: false, activationEvent: 'onStartupFinished'
[2022-08-07 08:45:28.410] [exthost] [info] ExtensionService#_doActivateExtension s-nlf-fh.glassit, startup: false, activationEvent: '*'
[2022-08-07 08:45:28.668] [exthost] [info] ExtensionService#_doActivateExtension vscode.configuration-editing, startup: false, activationEvent: 'onLanguage:jsonc'
[2022-08-07 08:45:28.670] [exthost] [info] ExtensionService#_doActivateExtension vscode.json-language-features, startup: false, activationEvent: 'onLanguage:jsonc'
[2022-08-07 08:45:28.680] [exthost] [info] ExtensionService#_doActivateExtension vscode.typescript-language-features, startup: false, activationEvent: 'onLanguage:jsonc'
[2022-08-07 08:45:36.266] [exthost] [info] ExtensionService#_doActivateExtension vscode.html-language-features, startup: false, activationEvent: 'onLanguage:html'
[2022-08-07 08:45:36.595] [exthost] [info] ExtensionService#_doActivateExtension mechatroner.rainbow-csv, startup: false, activationEvent: 'onLanguage:plaintext'
[2022-08-07 08:46:25.971] [exthost] [info] ExtensionService#_doActivateExtension vscode.extension-editing, startup: false, activationEvent: 'onLanguage:markdown'
[2022-08-07 08:46:25.992] [exthost] [info] ExtensionService#_doActivateExtension vscode.markdown-language-features, startup: false, activationEvent: 'onLanguage:markdown'
[2022-08-07 08:46:26.621] [exthost] [info] ExtensionService#_doActivateExtension vscode.markdown-math, startup: false, activationEvent: 'api', root cause: vscode.markdown-language-features
[2022-08-07 08:50:22.976] [exthost] [info] Extension host terminating: received terminate message from renderer
[2022-08-07 08:50:23.014] [exthost] [info] Extension host with pid 8661 exiting with code 0
[2022-08-07 08:50:25.146] [exthost] [info] Extension host with pid 9045 started
[2022-08-07 08:50:25.146] [exthost] [info] Skipping acquiring lock for /home/tom/.config/Code/User/workspaceStorage/0f7509f6c456abaf24ba71dc59e554ca.
[2022-08-07 08:50:25.491] [exthost] [info] ExtensionService#_doActivateExtension mechatroner.rainbow-csv, startup: false, activationEvent: 'onLanguage:plaintext'
[2022-08-07 08:50:25.494] [exthost] [info] ExtensionService#_doActivateExtension vscode.typescript-language-features, startup: false, activationEvent: 'onLanguage:javascript'
[2022-08-07 08:50:25.514] [exthost] [info] ExtensionService#_doActivateExtension vscode.microsoft-authentication, startup: false, activationEvent: 'onAuthenticationRequest:microsoft'
[2022-08-07 08:50:25.534] [exthost] [info] ExtensionService#_doActivateExtension vscode.debug-auto-launch, startup: true, activationEvent: '*'
[2022-08-07 08:50:25.535] [exthost] [info] ExtensionService#_doActivateExtension vscode.git-base, startup: true, activationEvent: '*', root cause: vscode.git
[2022-08-07 08:50:25.539] [exthost] [info] ExtensionService#_doActivateExtension vscode.ipynb, startup: true, activationEvent: '*'
[2022-08-07 08:50:25.545] [exthost] [info] ExtensionService#_doActivateExtension albert.TabOut, startup: true, activationEvent: '*'
[2022-08-07 08:50:25.548] [exthost] [info] ExtensionService#_doActivateExtension asvetliakov.vscode-neovim, startup: true, activationEvent: '*'
[2022-08-07 08:50:25.558] [exthost] [info] ExtensionService#_doActivateExtension ms-vscode.test-adapter-converter, startup: true, activationEvent: '*', root cause: hbenl.vscode-test-explorer
[2022-08-07 08:50:25.560] [exthost] [info] ExtensionService#_doActivateExtension iocave.monkey-patch, startup: true, activationEvent: '*', root cause: iocave.customize-ui
[2022-08-07 08:50:25.569] [exthost] [info] ExtensionService#_doActivateExtension monokai.theme-monokai-pro-vscode, startup: true, activationEvent: '*'
[2022-08-07 08:50:25.582] [exthost] [info] ExtensionService#_doActivateExtension s-nlf-fh.glassit, startup: true, activationEvent: '*'
[2022-08-07 08:50:25.603] [exthost] [info] ExtensionService#_doActivateExtension WallabyJs.quokka-vscode, startup: true, activationEvent: '*'
[2022-08-07 08:50:25.606] [exthost] [info] ExtensionService#_doActivateExtension vscode.npm, startup: true, activationEvent: 'workspaceContains:package.json'
[2022-08-07 08:50:26.226] [exthost] [error] Activating extension monokai.theme-monokai-pro-vscode failed due to an error:
[2022-08-07 08:50:26.226] [exthost] [error] TypeError: this.isValidLicense is not a function
	at e.get (/home/tom/.vscode/extensions/monokai.theme-monokai-pro-vscode-1.1.20/js/app.js:1268:29)
	at e.value (/home/tom/.vscode/extensions/monokai.theme-monokai-pro-vscode-1.1.20/js/app.js:1432:30)
	at e.value (/home/tom/.vscode/extensions/monokai.theme-monokai-pro-vscode-1.1.20/js/app.js:1360:28)
	at exports.activate (/home/tom/.vscode/extensions/monokai.theme-monokai-pro-vscode-1.1.20/js/main.js:7:6)
	at Function._callActivateOptional (/opt/visual-studio-code/resources/app/out/vs/workbench/api/node/extensionHostProcess.js:97:17473)
	at Function._callActivate (/opt/visual-studio-code/resources/app/out/vs/workbench/api/node/extensionHostProcess.js:97:17131)
	at /opt/visual-studio-code/resources/app/out/vs/workbench/api/node/extensionHostProcess.js:97:14942
	at processTicksAndRejections (node:internal/process/task_queues:96:5)
	at async v._activate (/opt/visual-studio-code/resources/app/out/vs/workbench/api/node/extensionHostProcess.js:85:8180)
	at async v._waitForDepsThenActivate (/opt/visual-studio-code/resources/app/out/vs/workbench/api/node/extensionHostProcess.js:85:8122)
	at async v._initialize (/opt/visual-studio-code/resources/app/out/vs/workbench/api/node/extensionHostProcess.js:85:7486)
[2022-08-07 08:50:26.374] [exthost] [info] ExtensionService#_doActivateExtension vscode.git, startup: true, activationEvent: '*'
[2022-08-07 08:50:26.412] [exthost] [info] ExtensionService#_doActivateExtension vscode.github, startup: true, activationEvent: '*'
[2022-08-07 08:50:26.424] [exthost] [info] ExtensionService#_doActivateExtension hbenl.vscode-test-explorer, startup: true, activationEvent: '*'
[2022-08-07 08:50:26.478] [exthost] [info] ExtensionService#_doActivateExtension iocave.customize-ui, startup: true, activationEvent: '*'
[2022-08-07 08:50:26.776] [exthost] [info] ExtensionService#_doActivateExtension vscode.configuration-editing, startup: false, activationEvent: 'onLanguage:jsonc'
[2022-08-07 08:50:26.790] [exthost] [info] ExtensionService#_doActivateExtension vscode.json-language-features, startup: false, activationEvent: 'onLanguage:jsonc'
[2022-08-07 08:50:26.852] [exthost] [info] ExtensionService#_doActivateExtension kavod-io.vscode-jest-test-adapter, startup: true, activationEvent: '*'
[2022-08-07 08:50:27.202] [exthost] [info] ExtensionService#_doActivateExtension vscode.github-authentication, startup: false, activationEvent: 'onAuthenticationRequest:github'
[2022-08-07 08:50:27.598] [exthost] [info] Eager extensions activated
[2022-08-07 08:50:27.876] [exthost] [info] ExtensionService#_doActivateExtension vscode.emmet, startup: false, activationEvent: 'onStartupFinished'
[2022-08-07 08:50:27.888] [exthost] [info] ExtensionService#_doActivateExtension vscode.merge-conflict, startup: false, activationEvent: 'onStartupFinished'
[2022-08-07 08:50:27.896] [exthost] [info] ExtensionService#_doActivateExtension dbaeumer.vscode-eslint, startup: false, activationEvent: 'onStartupFinished'
[2022-08-07 08:50:27.909] [exthost] [info] ExtensionService#_doActivateExtension esbenp.prettier-vscode, startup: false, activationEvent: 'onStartupFinished'
[2022-08-07 08:50:27.968] [exthost] [info] ExtensionService#_doActivateExtension ritwickdey.LiveServer, startup: false, activationEvent: 'onStartupFinished'
[2022-08-07 09:26:20.778] [exthost] [info] ExtensionService#_doActivateExtension vscodevim.vim, startup: false, activationEvent: '*'
[2022-08-07 09:26:21.319] [exthost] [error] Activating extension vscodevim.vim failed due to an error:
[2022-08-07 09:26:21.319] [exthost] [error] Error: command 'type' already exists
    at a.registerCommand (/opt/visual-studio-code/resources/app/out/vs/workbench/api/node/extensionHostProcess.js:85:62257)
    at Object.registerCommand (/opt/visual-studio-code/resources/app/out/vs/workbench/api/node/extensionHostProcess.js:106:31111)
    at overrideCommand (/home/tom/.vscode/extensions/vscodevim.vim-1.23.2/extensionBase.ts:559:38)
    at install (/home/tom/.vscode/extensions/vscodevim.vim-1.23.2/extensionBase.ts:351:3)
    at e.activate (/home/tom/.vscode/extensions/vscodevim.vim-1.23.2/extension.ts:34:3)
    at v._activate (/opt/visual-studio-code/resources/app/out/vs/workbench/api/node/extensionHostProcess.js:85:8180)
    at v._waitForDepsThenActivate (/opt/visual-studio-code/resources/app/out/vs/workbench/api/node/extensionHostProcess.js:85:8122)
    at v._initialize (/opt/visual-studio-code/resources/app/out/vs/workbench/api/node/extensionHostProcess.js:85:7486)
[2022-08-07 09:34:43.439] [exthost] [info] Extension host terminating: received terminate message from renderer
[2022-08-07 09:34:43.486] [exthost] [info] Extension host with pid 9045 exiting with code 0
[2022-08-07 09:34:46.418] [exthost] [info] Extension host with pid 11884 started
[2022-08-07 09:34:46.418] [exthost] [info] Skipping acquiring lock for /home/tom/.config/Code/User/workspaceStorage/0f7509f6c456abaf24ba71dc59e554ca.
[2022-08-07 09:34:46.588] [exthost] [info] ExtensionService#_doActivateExtension vscode.microsoft-authentication, startup: false, activationEvent: 'onAuthenticationRequest:microsoft'
[2022-08-07 09:34:46.610] [exthost] [info] ExtensionService#_doActivateExtension vscode.debug-auto-launch, startup: true, activationEvent: '*'
[2022-08-07 09:34:46.615] [exthost] [info] ExtensionService#_doActivateExtension vscode.git-base, startup: true, activationEvent: '*', root cause: vscode.git
[2022-08-07 09:34:46.622] [exthost] [info] ExtensionService#_doActivateExtension vscode.ipynb, startup: true, activationEvent: '*'
[2022-08-07 09:34:46.637] [exthost] [info] ExtensionService#_doActivateExtension albert.TabOut, startup: true, activationEvent: '*'
[2022-08-07 09:34:46.639] [exthost] [info] ExtensionService#_doActivateExtension ms-vscode.test-adapter-converter, startup: true, activationEvent: '*', root cause: hbenl.vscode-test-explorer
[2022-08-07 09:34:46.641] [exthost] [info] ExtensionService#_doActivateExtension iocave.monkey-patch, startup: true, activationEvent: '*', root cause: iocave.customize-ui
[2022-08-07 09:34:46.644] [exthost] [info] ExtensionService#_doActivateExtension monokai.theme-monokai-pro-vscode, startup: true, activationEvent: '*'
[2022-08-07 09:34:46.655] [exthost] [info] ExtensionService#_doActivateExtension s-nlf-fh.glassit, startup: true, activationEvent: '*'
[2022-08-07 09:34:46.676] [exthost] [info] ExtensionService#_doActivateExtension vscodevim.vim, startup: true, activationEvent: '*'
[2022-08-07 09:34:46.745] [exthost] [info] ExtensionService#_doActivateExtension WallabyJs.quokka-vscode, startup: true, activationEvent: '*'
[2022-08-07 09:34:46.750] [exthost] [error] Activating extension vscodevim.vim failed due to an error:
[2022-08-07 09:34:46.750] [exthost] [error] Error: Cannot find module 'neovim'
Require stack:
- /home/tom/.vscode/extensions/vscodevim.vim-1.11.1/out/extension.js
- /opt/visual-studio-code/resources/app/out/vs/loader.js
- /opt/visual-studio-code/resources/app/out/bootstrap-amd.js
- /opt/visual-studio-code/resources/app/out/bootstrap-fork.js
	at Function.Module._resolveFilename (node:internal/modules/cjs/loader:987:15)
	at Module._load (node:internal/modules/cjs/loader:832:27)
	at Function.c._load (node:electron/js2c/asar_bundle:5:13343)
	at Function.r._load (/opt/visual-studio-code/resources/app/out/vs/workbench/api/node/extensionHostProcess.js:111:14538)
	at Function.b._load (/opt/visual-studio-code/resources/app/out/vs/workbench/api/node/extensionHostProcess.js:106:62507)
	at Function.v._load (/opt/visual-studio-code/resources/app/out/vs/workbench/api/node/extensionHostProcess.js:106:61875)
	at Module.require (node:internal/modules/cjs/loader:1059:19)
	at p (/opt/visual-studio-code/resources/app/out/vs/loader.js:4:699)
	at Object.<anonymous> (/home/tom/.vscode/extensions/vscodevim.vim-1.11.1/out/extension.js:1:665203)
	at r (/home/tom/.vscode/extensions/vscodevim.vim-1.11.1/out/extension.js:1:186)
	at Object.<anonymous> (/home/tom/.vscode/extensions/vscodevim.vim-1.11.1/out/extension.js:1:661553)
	at Object.<anonymous> (/home/tom/.vscode/extensions/vscodevim.vim-1.11.1/out/extension.js:1:665163)
	at r (/home/tom/.vscode/extensions/vscodevim.vim-1.11.1/out/extension.js:1:186)
	at Object.<anonymous> (/home/tom/.vscode/extensions/vscodevim.vim-1.11.1/out/extension.js:1:630172)
	at r (/home/tom/.vscode/extensions/vscodevim.vim-1.11.1/out/extension.js:1:186)
	at Object.<anonymous> (/home/tom/.vscode/extensions/vscodevim.vim-1.11.1/out/extension.js:1:602589)
	at r (/home/tom/.vscode/extensions/vscodevim.vim-1.11.1/out/extension.js:1:186)
	at Object.<anonymous> (/home/tom/.vscode/extensions/vscodevim.vim-1.11.1/out/extension.js:1:601485)
	at r (/home/tom/.vscode/extensions/vscodevim.vim-1.11.1/out/extension.js:1:186)
	at Object.<anonymous> (/home/tom/.vscode/extensions/vscodevim.vim-1.11.1/out/extension.js:1:391952)
	at r (/home/tom/.vscode/extensions/vscodevim.vim-1.11.1/out/extension.js:1:186)
	at /home/tom/.vscode/extensions/vscodevim.vim-1.11.1/out/extension.js:1:985
	at Object.<anonymous> (/home/tom/.vscode/extensions/vscodevim.vim-1.11.1/out/extension.js:1:996)
	at Module.u._compile (/opt/visual-studio-code/resources/app/out/vs/loader.js:4:1313)
	at Object.Module._extensions..js (node:internal/modules/cjs/loader:1216:10)
	at Module.load (node:internal/modules/cjs/loader:1035:32)
	at Module._load (node:internal/modules/cjs/loader:876:12)
	at Function.c._load (node:electron/js2c/asar_bundle:5:13343)
	at Function.r._load (/opt/visual-studio-code/resources/app/out/vs/workbench/api/node/extensionHostProcess.js:111:14538)
	at Function.b._load (/opt/visual-studio-code/resources/app/out/vs/workbench/api/node/extensionHostProcess.js:106:62507)
	at Function.v._load (/opt/visual-studio-code/resources/app/out/vs/workbench/api/node/extensionHostProcess.js:106:61875)
	at Module.require (node:internal/modules/cjs/loader:1059:19)
	at require (node:internal/modules/cjs/helpers:102:18)
	at Function.r [as __$__nodeRequire] (/opt/visual-studio-code/resources/app/out/vs/loader.js:5:101)
	at w._loadCommonJSModule (/opt/visual-studio-code/resources/app/out/vs/workbench/api/node/extensionHostProcess.js:106:63965)
	at w._doActivateExtension (/opt/visual-studio-code/resources/app/out/vs/workbench/api/node/extensionHostProcess.js:97:14754)
	at w._activateExtension (/opt/visual-studio-code/resources/app/out/vs/workbench/api/node/extensionHostProcess.js:97:13693)
	at processTicksAndRejections (node:internal/process/task_queues:96:5)
	at async v._activate (/opt/visual-studio-code/resources/app/out/vs/workbench/api/node/extensionHostProcess.js:85:8180)
	at async v._waitForDepsThenActivate (/opt/visual-studio-code/resources/app/out/vs/workbench/api/node/extensionHostProcess.js:85:8122)
	at async v._initialize (/opt/visual-studio-code/resources/app/out/vs/workbench/api/node/extensionHostProcess.js:85:7486)
[2022-08-07 09:34:46.756] [exthost] [info] ExtensionService#_doActivateExtension vscode.npm, startup: true, activationEvent: 'workspaceContains:package.json'
[2022-08-07 09:34:47.137] [exthost] [error] Activating extension monokai.theme-monokai-pro-vscode failed due to an error:
[2022-08-07 09:34:47.137] [exthost] [error] TypeError: this.isValidLicense is not a function
	at e.get (/home/tom/.vscode/extensions/monokai.theme-monokai-pro-vscode-1.1.20/js/app.js:1268:29)
	at e.value (/home/tom/.vscode/extensions/monokai.theme-monokai-pro-vscode-1.1.20/js/app.js:1432:30)
	at e.value (/home/tom/.vscode/extensions/monokai.theme-monokai-pro-vscode-1.1.20/js/app.js:1360:28)
	at exports.activate (/home/tom/.vscode/extensions/monokai.theme-monokai-pro-vscode-1.1.20/js/main.js:7:6)
	at Function._callActivateOptional (/opt/visual-studio-code/resources/app/out/vs/workbench/api/node/extensionHostProcess.js:97:17473)
	at Function._callActivate (/opt/visual-studio-code/resources/app/out/vs/workbench/api/node/extensionHostProcess.js:97:17131)
	at /opt/visual-studio-code/resources/app/out/vs/workbench/api/node/extensionHostProcess.js:97:14942
	at processTicksAndRejections (node:internal/process/task_queues:96:5)
	at async v._activate (/opt/visual-studio-code/resources/app/out/vs/workbench/api/node/extensionHostProcess.js:85:8180)
	at async v._waitForDepsThenActivate (/opt/visual-studio-code/resources/app/out/vs/workbench/api/node/extensionHostProcess.js:85:8122)
	at async v._initialize (/opt/visual-studio-code/resources/app/out/vs/workbench/api/node/extensionHostProcess.js:85:7486)
[2022-08-07 09:34:47.189] [exthost] [info] ExtensionService#_doActivateExtension vscode.git, startup: true, activationEvent: '*'
[2022-08-07 09:34:47.211] [exthost] [info] ExtensionService#_doActivateExtension vscode.github, startup: true, activationEvent: '*'
[2022-08-07 09:34:47.235] [exthost] [info] ExtensionService#_doActivateExtension hbenl.vscode-test-explorer, startup: true, activationEvent: '*'
[2022-08-07 09:34:47.263] [exthost] [info] ExtensionService#_doActivateExtension iocave.customize-ui, startup: true, activationEvent: '*'
[2022-08-07 09:34:47.296] [exthost] [info] ExtensionService#_doActivateExtension vscode.configuration-editing, startup: false, activationEvent: 'onLanguage:jsonc'
[2022-08-07 09:34:47.302] [exthost] [info] ExtensionService#_doActivateExtension vscode.json-language-features, startup: false, activationEvent: 'onLanguage:jsonc'
[2022-08-07 09:34:47.328] [exthost] [info] ExtensionService#_doActivateExtension vscode.typescript-language-features, startup: false, activationEvent: 'onLanguage:jsonc'
[2022-08-07 09:34:47.542] [exthost] [info] ExtensionService#_doActivateExtension kavod-io.vscode-jest-test-adapter, startup: true, activationEvent: '*'
[2022-08-07 09:34:47.721] [exthost] [info] ExtensionService#_doActivateExtension vscode.github-authentication, startup: false, activationEvent: 'onAuthenticationRequest:github'
[2022-08-07 09:34:47.736] [exthost] [info] Eager extensions activated
[2022-08-07 09:34:47.745] [exthost] [info] ExtensionService#_doActivateExtension vscode.emmet, startup: false, activationEvent: 'onStartupFinished'
[2022-08-07 09:34:47.749] [exthost] [info] ExtensionService#_doActivateExtension vscode.merge-conflict, startup: false, activationEvent: 'onStartupFinished'
[2022-08-07 09:34:47.752] [exthost] [info] ExtensionService#_doActivateExtension dbaeumer.vscode-eslint, startup: false, activationEvent: 'onStartupFinished'
[2022-08-07 09:34:47.761] [exthost] [info] ExtensionService#_doActivateExtension esbenp.prettier-vscode, startup: false, activationEvent: 'onStartupFinished'
[2022-08-07 09:34:47.811] [exthost] [info] ExtensionService#_doActivateExtension ritwickdey.LiveServer, startup: false, activationEvent: 'onStartupFinished'
[2022-08-07 09:34:50.195] [exthost] [info] ExtensionService#_doActivateExtension mechatroner.rainbow-csv, startup: false, activationEvent: 'onLanguage:plaintext'
[2022-08-07 09:35:51.561] [exthost] [info] Extension host terminating: received terminate message from renderer
[2022-08-07 09:35:51.603] [exthost] [info] Extension host with pid 11884 exiting with code 0
[2022-08-07 09:35:54.022] [exthost] [info] Extension host with pid 12074 started
[2022-08-07 09:35:54.022] [exthost] [info] Skipping acquiring lock for /home/tom/.config/Code/User/workspaceStorage/0f7509f6c456abaf24ba71dc59e554ca.
[2022-08-07 09:35:54.339] [exthost] [info] ExtensionService#_doActivateExtension vscode.microsoft-authentication, startup: false, activationEvent: 'onAuthenticationRequest:microsoft'
[2022-08-07 09:35:54.363] [exthost] [info] ExtensionService#_doActivateExtension vscode.debug-auto-launch, startup: true, activationEvent: '*'
[2022-08-07 09:35:54.365] [exthost] [info] ExtensionService#_doActivateExtension vscode.git-base, startup: true, activationEvent: '*', root cause: vscode.git
[2022-08-07 09:35:54.372] [exthost] [info] ExtensionService#_doActivateExtension vscode.ipynb, startup: true, activationEvent: '*'
[2022-08-07 09:35:54.374] [exthost] [info] ExtensionService#_doActivateExtension albert.TabOut, startup: true, activationEvent: '*'
[2022-08-07 09:35:54.387] [exthost] [info] ExtensionService#_doActivateExtension ms-vscode.test-adapter-converter, startup: true, activationEvent: '*', root cause: hbenl.vscode-test-explorer
[2022-08-07 09:35:54.389] [exthost] [info] ExtensionService#_doActivateExtension iocave.monkey-patch, startup: true, activationEvent: '*', root cause: iocave.customize-ui
[2022-08-07 09:35:54.397] [exthost] [info] ExtensionService#_doActivateExtension monokai.theme-monokai-pro-vscode, startup: true, activationEvent: '*'
[2022-08-07 09:35:54.399] [exthost] [info] ExtensionService#_doActivateExtension s-nlf-fh.glassit, startup: true, activationEvent: '*'
[2022-08-07 09:35:54.421] [exthost] [info] ExtensionService#_doActivateExtension vscodevim.vim, startup: true, activationEvent: '*'
[2022-08-07 09:35:54.489] [exthost] [info] ExtensionService#_doActivateExtension WallabyJs.quokka-vscode, startup: true, activationEvent: '*'
[2022-08-07 09:35:54.491] [exthost] [info] ExtensionService#_doActivateExtension vscode.npm, startup: true, activationEvent: 'workspaceContains:package.json'
[2022-08-07 09:35:54.988] [exthost] [error] Activating extension monokai.theme-monokai-pro-vscode failed due to an error:
[2022-08-07 09:35:54.988] [exthost] [error] TypeError: this.isValidLicense is not a function
    at e.get (/home/tom/.vscode/extensions/monokai.theme-monokai-pro-vscode-1.1.20/js/app.js:1268:29)
    at e.value (/home/tom/.vscode/extensions/monokai.theme-monokai-pro-vscode-1.1.20/js/app.js:1432:30)
    at e.value (/home/tom/.vscode/extensions/monokai.theme-monokai-pro-vscode-1.1.20/js/app.js:1360:28)
    at exports.activate (/home/tom/.vscode/extensions/monokai.theme-monokai-pro-vscode-1.1.20/js/main.js:7:6)
    at Function._callActivateOptional (/opt/visual-studio-code/resources/app/out/vs/workbench/api/node/extensionHostProcess.js:97:17473)
    at Function._callActivate (/opt/visual-studio-code/resources/app/out/vs/workbench/api/node/extensionHostProcess.js:97:17131)
    at /opt/visual-studio-code/resources/app/out/vs/workbench/api/node/extensionHostProcess.js:97:14942
    at processTicksAndRejections (node:internal/process/task_queues:96:5)
    at v._activate (/opt/visual-studio-code/resources/app/out/vs/workbench/api/node/extensionHostProcess.js:85:8180)
    at v._waitForDepsThenActivate (/opt/visual-studio-code/resources/app/out/vs/workbench/api/node/extensionHostProcess.js:85:8122)
    at v._initialize (/opt/visual-studio-code/resources/app/out/vs/workbench/api/node/extensionHostProcess.js:85:7486)
[2022-08-07 09:35:55.081] [exthost] [info] ExtensionService#_doActivateExtension vscode.git, startup: true, activationEvent: '*'
[2022-08-07 09:35:55.096] [exthost] [info] ExtensionService#_doActivateExtension vscode.github, startup: true, activationEvent: '*'
[2022-08-07 09:35:55.100] [exthost] [info] ExtensionService#_doActivateExtension hbenl.vscode-test-explorer, startup: true, activationEvent: '*'
[2022-08-07 09:35:55.122] [exthost] [info] ExtensionService#_doActivateExtension iocave.customize-ui, startup: true, activationEvent: '*'
[2022-08-07 09:35:55.369] [exthost] [info] ExtensionService#_doActivateExtension kavod-io.vscode-jest-test-adapter, startup: true, activationEvent: '*'
[2022-08-07 09:35:56.438] [exthost] [info] ExtensionService#_doActivateExtension vscode.configuration-editing, startup: false, activationEvent: 'onLanguage:jsonc'
[2022-08-07 09:35:56.439] [exthost] [info] ExtensionService#_doActivateExtension vscode.json-language-features, startup: false, activationEvent: 'onLanguage:jsonc'
[2022-08-07 09:35:56.454] [exthost] [info] ExtensionService#_doActivateExtension vscode.typescript-language-features, startup: false, activationEvent: 'onLanguage:jsonc'
[2022-08-07 09:35:56.489] [exthost] [info] ExtensionService#_doActivateExtension vscode.github-authentication, startup: false, activationEvent: 'onAuthenticationRequest:github'
[2022-08-07 09:35:56.533] [exthost] [info] Eager extensions activated
[2022-08-07 09:35:56.553] [exthost] [info] ExtensionService#_doActivateExtension vscode.emmet, startup: false, activationEvent: 'onStartupFinished'
[2022-08-07 09:35:56.559] [exthost] [info] ExtensionService#_doActivateExtension vscode.merge-conflict, startup: false, activationEvent: 'onStartupFinished'
[2022-08-07 09:35:56.562] [exthost] [info] ExtensionService#_doActivateExtension dbaeumer.vscode-eslint, startup: false, activationEvent: 'onStartupFinished'
[2022-08-07 09:35:56.582] [exthost] [info] ExtensionService#_doActivateExtension esbenp.prettier-vscode, startup: false, activationEvent: 'onStartupFinished'
[2022-08-07 09:35:56.679] [exthost] [info] ExtensionService#_doActivateExtension ritwickdey.LiveServer, startup: false, activationEvent: 'onStartupFinished'
[2022-08-07 09:36:00.212] [exthost] [info] ExtensionService#_doActivateExtension mechatroner.rainbow-csv, startup: false, activationEvent: 'onLanguage:plaintext'
