[Debug 12:46:26.557] LinkProvider: compute - file:///home/tom/Documents/vimwiki/diary/2022-08-05.md
[Debug 12:46:27.708] MdFoldingProvider: provideFoldingRanges - file:///home/tom/Documents/vimwiki/diary/2022-08-05.md
[Debug 12:46:27.709] TableOfContentsProvider: create - file:///home/tom/Documents/vimwiki/diary/2022-08-05.md
[Debug 12:46:29.591] LinkProvider: compute - file:///home/tom/Documents/vimwiki/diary/diary.md
[Debug 12:46:30.155] MdFoldingProvider: provideFoldingRanges - file:///home/tom/Documents/vimwiki/diary/diary.md
[Debug 12:46:30.156] TableOfContentsProvider: create - file:///home/tom/Documents/vimwiki/diary/diary.md
[Debug 12:46:42.329] MdFoldingProvider: provideFoldingRanges - file:///home/tom/Documents/vimwiki/diary/diary.md
[Debug 12:46:42.330] TableOfContentsProvider: create - file:///home/tom/Documents/vimwiki/diary/diary.md
[Debug 12:46:43.013] MdFoldingProvider: provideFoldingRanges - file:///home/tom/Documents/vimwiki/diary/diary.md
[Debug 12:46:43.013] TableOfContentsProvider: create - file:///home/tom/Documents/vimwiki/diary/diary.md
[Debug 12:46:43.441] MdFoldingProvider: provideFoldingRanges - file:///home/tom/Documents/vimwiki/diary/diary.md
[Debug 12:46:43.441] TableOfContentsProvider: create - file:///home/tom/Documents/vimwiki/diary/diary.md
[Debug 12:46:43.872] MdFoldingProvider: provideFoldingRanges - file:///home/tom/Documents/vimwiki/diary/diary.md
[Debug 12:46:43.873] TableOfContentsProvider: create - file:///home/tom/Documents/vimwiki/diary/diary.md
[Debug 12:46:44.228] MdFoldingProvider: provideFoldingRanges - file:///home/tom/Documents/vimwiki/diary/diary.md
[Debug 12:46:44.228] TableOfContentsProvider: create - file:///home/tom/Documents/vimwiki/diary/diary.md
[Trace 12:46:44.871] VsCodeClientWorkspace: readDir: file:///home/tom/Documents/vimwiki/diary/diary
[Debug 12:46:45.045] MdFoldingProvider: provideFoldingRanges - file:///home/tom/Documents/vimwiki/diary/diary.md
[Debug 12:46:45.046] TableOfContentsProvider: create - file:///home/tom/Documents/vimwiki/diary/diary.md
[Debug 12:46:45.862] LinkProvider: compute - file:///home/tom/Documents/vimwiki/diary/diary.md
[Trace 12:46:46.178] VsCodeClientWorkspace: onDidChangeWatchedFiles: 2: file:///home/tom/Documents/vimwiki/diary/diary.md
[Debug 12:47:03.754] MdFoldingProvider: provideFoldingRanges - file:///home/tom/Documents/vimwiki/diary/diary.md
[Debug 12:47:03.755] TableOfContentsProvider: create - file:///home/tom/Documents/vimwiki/diary/diary.md
[Debug 12:47:04.472] MdFoldingProvider: provideFoldingRanges - file:///home/tom/Documents/vimwiki/diary/diary.md
[Debug 12:47:04.472] TableOfContentsProvider: create - file:///home/tom/Documents/vimwiki/diary/diary.md
[Debug 12:47:05.269] LinkProvider: compute - file:///home/tom/Documents/vimwiki/diary/diary.md
[Trace 12:47:05.583] VsCodeClientWorkspace: onDidChangeWatchedFiles: 2: file:///home/tom/Documents/vimwiki/diary/diary.md
[Trace 12:47:23.015] VsCodeClientWorkspace: onDidChangeWatchedFiles: 2: file:///home/tom/Documents/vimwiki/diary/diary.md
[Debug 12:49:58.065] LinkProvider: compute - file:///home/tom/Documents/vimwiki/diary/2022-08-05.md
[Debug 12:49:58.429] MdFoldingProvider: provideFoldingRanges - file:///home/tom/Documents/vimwiki/diary/2022-08-05.md
[Debug 12:49:58.429] TableOfContentsProvider: create - file:///home/tom/Documents/vimwiki/diary/2022-08-05.md
[Debug 12:50:00.796] LinkProvider: compute - file:///home/tom/Documents/vimwiki/diary/diary.md
[Debug 12:50:00.968] MdFoldingProvider: provideFoldingRanges - file:///home/tom/Documents/vimwiki/diary/diary.md
[Debug 12:50:00.968] TableOfContentsProvider: create - file:///home/tom/Documents/vimwiki/diary/diary.md
[Debug 12:50:05.212] MdFoldingProvider: provideFoldingRanges - file:///home/tom/Documents/vimwiki/diary/diary.md
[Debug 12:50:05.212] TableOfContentsProvider: create - file:///home/tom/Documents/vimwiki/diary/diary.md
[Debug 12:50:06.062] MdFoldingProvider: provideFoldingRanges - file:///home/tom/Documents/vimwiki/diary/diary.md
[Debug 12:50:06.062] TableOfContentsProvider: create - file:///home/tom/Documents/vimwiki/diary/diary.md
[Debug 12:50:06.518] MdFoldingProvider: provideFoldingRanges - file:///home/tom/Documents/vimwiki/diary/diary.md
[Debug 12:50:06.518] TableOfContentsProvider: create - file:///home/tom/Documents/vimwiki/diary/diary.md
[Debug 12:50:07.317] LinkProvider: compute - file:///home/tom/Documents/vimwiki/diary/diary.md
[Trace 12:50:07.624] VsCodeClientWorkspace: onDidChangeWatchedFiles: 2: file:///home/tom/Documents/vimwiki/diary/diary.md
