[2022-08-07T12:45:28.421Z] Log level: Info
[2022-08-07T12:45:28.421Z] [info] Validating found git in: git
[2022-08-07T12:45:28.430Z] [info] Using git 2.37.1 from git
[2022-08-07T12:45:28.602Z] > git rev-parse --show-toplevel [163ms]
[2022-08-07T12:45:28.618Z] > git rev-parse --git-dir --git-common-dir [11ms]
[2022-08-07T12:45:28.621Z] [info] Open repository: /home/tom/Documents/vimwiki
[2022-08-07T12:45:28.637Z] > git status -z -uall [11ms]
[2022-08-07T12:45:28.645Z] > git symbolic-ref --short HEAD [2ms]
[2022-08-07T12:45:28.652Z] > git for-each-ref --format=%(refname)%00%(upstream:short)%00%(objectname)%00%(upstream:track)%00%(upstream:remotename)%00%(upstream:remoteref) refs/heads/main refs/remotes/main [2ms]
[2022-08-07T12:45:28.664Z] > git for-each-ref --sort -committerdate --format %(refname) %(objectname) %(*objectname) [7ms]
[2022-08-07T12:45:28.665Z] > git remote --verbose [3ms]
[2022-08-07T12:45:28.697Z] > git config --get commit.template [5ms]
[2022-08-07T12:45:28.734Z] > git status -z -uall [31ms]
[2022-08-07T12:45:28.752Z] > git symbolic-ref --short HEAD [2ms]
[2022-08-07T12:45:28.771Z] > git for-each-ref --format=%(refname)%00%(upstream:short)%00%(objectname)%00%(upstream:track)%00%(upstream:remotename)%00%(upstream:remoteref) refs/heads/main refs/remotes/main [11ms]
[2022-08-07T12:45:28.781Z] > git for-each-ref --sort -committerdate --format %(refname) %(objectname) %(*objectname) [5ms]
[2022-08-07T12:45:28.782Z] > git remote --verbose [1ms]
[2022-08-07T12:45:28.789Z] > git config --get commit.template [1ms]
[2022-08-07T12:45:29.163Z] > git check-ignore -v -z --stdin [3ms]
[2022-08-07T12:45:36.553Z] > git show --textconv :mdwiki.html [16ms]
[2022-08-07T12:45:36.554Z] > git ls-files --stage -- /home/tom/Documents/vimwiki/mdwiki.html [8ms]
[2022-08-07T12:46:25.035Z] > git check-ignore -v -z --stdin [3ms]
[2022-08-07T12:46:26.391Z] > git show --textconv :diary/2022-08-05.md [6ms]
[2022-08-07T12:46:26.394Z] > git ls-files --stage -- /home/tom/Documents/vimwiki/diary/2022-08-05.md [3ms]
[2022-08-07T12:46:29.808Z] > git show --textconv :diary/diary.md [17ms]
[2022-08-07T12:46:29.811Z] > git ls-files --stage -- /home/tom/Documents/vimwiki/diary/diary.md [6ms]
[2022-08-07T12:46:29.832Z] > git cat-file -s bd5006c422c4e8df4ffee6a2f44b2b46a32f2f86 [4ms]
[2022-08-07T12:46:46.947Z] > git status -z -uall [5ms]
[2022-08-07T12:46:46.964Z] > git symbolic-ref --short HEAD [3ms]
[2022-08-07T12:46:46.982Z] > git for-each-ref --format=%(refname)%00%(upstream:short)%00%(objectname)%00%(upstream:track)%00%(upstream:remotename)%00%(upstream:remoteref) refs/heads/main refs/remotes/main [3ms]
[2022-08-07T12:46:47.015Z] > git remote --verbose [6ms]
[2022-08-07T12:46:47.016Z] > git for-each-ref --sort -committerdate --format %(refname) %(objectname) %(*objectname) [19ms]
[2022-08-07T12:46:47.031Z] > git config --get commit.template [1ms]
[2022-08-07T12:47:06.337Z] > git status -z -uall [2ms]
[2022-08-07T12:47:06.342Z] > git symbolic-ref --short HEAD [1ms]
[2022-08-07T12:47:06.348Z] > git for-each-ref --format=%(refname)%00%(upstream:short)%00%(objectname)%00%(upstream:track)%00%(upstream:remotename)%00%(upstream:remoteref) refs/heads/main refs/remotes/main [1ms]
[2022-08-07T12:47:06.357Z] > git for-each-ref --sort -committerdate --format %(refname) %(objectname) %(*objectname) [5ms]
[2022-08-07T12:47:06.358Z] > git remote --verbose [2ms]
[2022-08-07T12:47:06.365Z] > git config --get commit.template [1ms]
[2022-08-07T12:47:23.772Z] > git status -z -uall [1ms]
[2022-08-07T12:47:23.778Z] > git symbolic-ref --short HEAD [1ms]
[2022-08-07T12:47:23.783Z] > git for-each-ref --format=%(refname)%00%(upstream:short)%00%(objectname)%00%(upstream:track)%00%(upstream:remotename)%00%(upstream:remoteref) refs/heads/main refs/remotes/main [1ms]
[2022-08-07T12:47:23.792Z] > git for-each-ref --sort -committerdate --format %(refname) %(objectname) %(*objectname) [5ms]
[2022-08-07T12:47:23.793Z] > git remote --verbose [1ms]
[2022-08-07T12:47:23.801Z] > git config --get commit.template [2ms]
[2022-08-07T12:49:58.270Z] > git show --textconv :diary/2022-08-05.md [7ms]
[2022-08-07T12:49:58.272Z] > git ls-files --stage -- /home/tom/Documents/vimwiki/diary/2022-08-05.md [3ms]
[2022-08-07T12:50:01.009Z] > git show --textconv :diary/diary.md [18ms]
[2022-08-07T12:50:01.009Z] > git ls-files --stage -- /home/tom/Documents/vimwiki/diary/diary.md [13ms]
[2022-08-07T12:50:01.033Z] > git cat-file -s bd5006c422c4e8df4ffee6a2f44b2b46a32f2f86 [15ms]
[2022-08-07T12:50:08.380Z] > git status -z -uall [1ms]
[2022-08-07T12:50:08.389Z] > git symbolic-ref --short HEAD [2ms]
[2022-08-07T12:50:08.395Z] > git for-each-ref --format=%(refname)%00%(upstream:short)%00%(objectname)%00%(upstream:track)%00%(upstream:remotename)%00%(upstream:remoteref) refs/heads/main refs/remotes/main [2ms]
[2022-08-07T12:50:08.407Z] > git remote --verbose [1ms]
[2022-08-07T12:50:08.407Z] > git for-each-ref --sort -committerdate --format %(refname) %(objectname) %(*objectname) [8ms]
[2022-08-07T12:50:08.417Z] > git config --get commit.template [1ms]
