[2022-08-06T20:46:20.657Z] Log level: Info
[2022-08-06T20:46:20.673Z] [info] Validating found git in: git
[2022-08-06T20:46:20.745Z] [info] Using git 2.37.1 from git
[2022-08-06T20:46:20.798Z] > git rev-parse --show-toplevel [7ms]
[2022-08-06T20:46:20.818Z] > git rev-parse --git-dir --git-common-dir [1ms]
[2022-08-06T20:46:20.820Z] [info] Open repository: /home/tom/Code/TOP/battleship
[2022-08-06T20:46:20.852Z] > git status -z -uall [5ms]
[2022-08-06T20:46:20.864Z] > git symbolic-ref --short HEAD [2ms]
[2022-08-06T20:46:20.887Z] > git for-each-ref --format=%(refname)%00%(upstream:short)%00%(objectname)%00%(upstream:track)%00%(upstream:remotename)%00%(upstream:remoteref) refs/heads/main refs/remotes/main [3ms]
[2022-08-06T20:46:20.907Z] > git for-each-ref --sort -committerdate --format %(refname) %(objectname) %(*objectname) [5ms]
[2022-08-06T20:46:20.921Z] > git remote --verbose [15ms]
[2022-08-06T20:46:20.938Z] > git config --get commit.template [5ms]
[2022-08-06T20:46:20.955Z] > git status -z -uall [6ms]
[2022-08-06T20:46:20.992Z] > git symbolic-ref --short HEAD [31ms]
[2022-08-06T20:46:21.006Z] > git for-each-ref --format=%(refname)%00%(upstream:short)%00%(objectname)%00%(upstream:track)%00%(upstream:remotename)%00%(upstream:remoteref) refs/heads/main refs/remotes/main [1ms]
[2022-08-06T20:46:21.055Z] > git for-each-ref --sort -committerdate --format %(refname) %(objectname) %(*objectname) [40ms]
[2022-08-06T20:46:21.071Z] > git remote --verbose [18ms]
[2022-08-06T20:46:21.082Z] > git config --get commit.template [4ms]
[2022-08-06T20:46:21.932Z] > git check-ignore -v -z --stdin [14ms]
[2022-08-06T20:46:22.801Z] > git show --textconv :src/gameLoop.js [13ms]
[2022-08-06T20:46:22.803Z] > git ls-files --stage -- /home/tom/Code/TOP/battleship/src/gameLoop.js [7ms]
[2022-08-06T20:46:22.820Z] > git cat-file -s 9edcabbbeec49427e8a069a8463774c7e8475ef5 [1ms]
[2022-08-06T20:47:58.065Z] > git show --textconv :src/gameLoop.js [5ms]
[2022-08-06T20:47:58.065Z] > git ls-files --stage -- /home/tom/Code/TOP/battleship/src/gameLoop.js [1ms]
[2022-08-06T20:47:58.074Z] > git cat-file -s 9edcabbbeec49427e8a069a8463774c7e8475ef5 [3ms]
[2022-08-06T20:58:59.282Z] > git show --textconv :src/gameLoop.js [5ms]
[2022-08-06T20:58:59.283Z] > git ls-files --stage -- /home/tom/Code/TOP/battleship/src/gameLoop.js [1ms]
[2022-08-06T20:58:59.290Z] > git cat-file -s 9edcabbbeec49427e8a069a8463774c7e8475ef5 [2ms]
[2022-08-06T21:04:22.986Z] > git show --textconv :src/gameLoop.js [7ms]
[2022-08-06T21:04:22.987Z] > git ls-files --stage -- /home/tom/Code/TOP/battleship/src/gameLoop.js [2ms]
[2022-08-06T21:04:22.997Z] > git cat-file -s 9edcabbbeec49427e8a069a8463774c7e8475ef5 [2ms]
[2022-08-06T21:05:12.173Z] > git show --textconv :src/gameLoop.js [9ms]
[2022-08-06T21:05:12.174Z] > git ls-files --stage -- /home/tom/Code/TOP/battleship/src/gameLoop.js [2ms]
[2022-08-06T21:05:12.185Z] > git cat-file -s 9edcabbbeec49427e8a069a8463774c7e8475ef5 [2ms]
[2022-08-06T21:05:16.651Z] > git check-ignore -v -z --stdin [5ms]
[2022-08-06T21:05:17.186Z] > git show --textconv :src/tests/player.test.js [7ms]
[2022-08-06T21:05:17.187Z] > git ls-files --stage -- /home/tom/Code/TOP/battleship/src/tests/player.test.js [2ms]
[2022-08-06T21:05:17.193Z] > git cat-file -s ec14791e79c6d932fee791c0f98c0c58f91241fa [1ms]
[2022-08-06T21:05:18.027Z] > git show --textconv :src/tests/gameboardFactory.test.js [7ms]
[2022-08-06T21:05:18.028Z] > git ls-files --stage -- /home/tom/Code/TOP/battleship/src/tests/gameboardFactory.test.js [2ms]
[2022-08-06T21:05:18.035Z] > git cat-file -s c514b85064156bde5d072b767decf3cdff5cf459 [2ms]
[2022-08-06T21:12:28.913Z] > git status -z -uall [2ms]
[2022-08-06T21:12:28.918Z] > git symbolic-ref --short HEAD [0ms]
[2022-08-06T21:12:28.925Z] > git for-each-ref --format=%(refname)%00%(upstream:short)%00%(objectname)%00%(upstream:track)%00%(upstream:remotename)%00%(upstream:remoteref) refs/heads/main refs/remotes/main [1ms]
[2022-08-06T21:12:28.935Z] > git for-each-ref --sort -committerdate --format %(refname) %(objectname) %(*objectname) [5ms]
[2022-08-06T21:12:28.936Z] > git remote --verbose [2ms]
[2022-08-06T21:12:28.944Z] > git config --get commit.template [1ms]
[2022-08-06T21:12:46.559Z] > git status -z -uall [4ms]
[2022-08-06T21:12:46.577Z] > git symbolic-ref --short HEAD [3ms]
[2022-08-06T21:12:46.595Z] > git for-each-ref --format=%(refname)%00%(upstream:short)%00%(objectname)%00%(upstream:track)%00%(upstream:remotename)%00%(upstream:remoteref) refs/heads/main refs/remotes/main [4ms]
[2022-08-06T21:12:46.626Z] > git for-each-ref --sort -committerdate --format %(refname) %(objectname) %(*objectname) [16ms]
[2022-08-06T21:12:46.627Z] > git remote --verbose [3ms]
[2022-08-06T21:12:46.649Z] > git config --get commit.template [3ms]
[2022-08-06T21:12:55.038Z] > git status -z -uall [4ms]
[2022-08-06T21:12:55.056Z] > git symbolic-ref --short HEAD [3ms]
[2022-08-06T21:12:55.074Z] > git for-each-ref --format=%(refname)%00%(upstream:short)%00%(objectname)%00%(upstream:track)%00%(upstream:remotename)%00%(upstream:remoteref) refs/heads/main refs/remotes/main [3ms]
[2022-08-06T21:12:55.104Z] > git for-each-ref --sort -committerdate --format %(refname) %(objectname) %(*objectname) [15ms]
[2022-08-06T21:12:55.104Z] > git remote --verbose [2ms]
[2022-08-06T21:12:55.119Z] > git config --get commit.template [2ms]
[2022-08-06T21:13:07.253Z] > git status -z -uall [2ms]
[2022-08-06T21:13:07.261Z] > git symbolic-ref --short HEAD [1ms]
[2022-08-06T21:13:07.268Z] > git for-each-ref --format=%(refname)%00%(upstream:short)%00%(objectname)%00%(upstream:track)%00%(upstream:remotename)%00%(upstream:remoteref) refs/heads/main refs/remotes/main [1ms]
[2022-08-06T21:13:07.281Z] > git for-each-ref --sort -committerdate --format %(refname) %(objectname) %(*objectname) [7ms]
[2022-08-06T21:13:07.282Z] > git remote --verbose [1ms]
[2022-08-06T21:13:07.290Z] > git config --get commit.template [1ms]
[2022-08-06T21:13:53.494Z] > git show --textconv :src/tests/gameboardFactory.test.js [21ms]
[2022-08-06T21:13:53.496Z] > git ls-files --stage -- /home/tom/Code/TOP/battleship/src/tests/gameboardFactory.test.js [7ms]
[2022-08-06T21:13:53.516Z] > git cat-file -s c514b85064156bde5d072b767decf3cdff5cf459 [5ms]
[2022-08-06T21:14:19.336Z] > git status -z -uall [1ms]
[2022-08-06T21:14:19.343Z] > git symbolic-ref --short HEAD [1ms]
[2022-08-06T21:14:19.351Z] > git for-each-ref --format=%(refname)%00%(upstream:short)%00%(objectname)%00%(upstream:track)%00%(upstream:remotename)%00%(upstream:remoteref) refs/heads/main refs/remotes/main [1ms]
[2022-08-06T21:14:19.363Z] > git for-each-ref --sort -committerdate --format %(refname) %(objectname) %(*objectname) [6ms]
[2022-08-06T21:14:19.363Z] > git remote --verbose [1ms]
[2022-08-06T21:14:19.371Z] > git config --get commit.template [1ms]
[2022-08-06T21:14:24.392Z] > git status -z -uall [5ms]
[2022-08-06T21:14:24.410Z] > git symbolic-ref --short HEAD [3ms]
[2022-08-06T21:14:24.429Z] > git for-each-ref --format=%(refname)%00%(upstream:short)%00%(objectname)%00%(upstream:track)%00%(upstream:remotename)%00%(upstream:remoteref) refs/heads/main refs/remotes/main [4ms]
[2022-08-06T21:14:24.454Z] > git for-each-ref --sort -committerdate --format %(refname) %(objectname) %(*objectname) [10ms]
[2022-08-06T21:14:24.455Z] > git remote --verbose [2ms]
[2022-08-06T21:14:24.465Z] > git config --get commit.template [1ms]
[2022-08-06T21:14:41.925Z] > git show --textconv :src/gameLoop.js [11ms]
[2022-08-06T21:14:41.926Z] > git ls-files --stage -- /home/tom/Code/TOP/battleship/src/gameLoop.js [4ms]
[2022-08-06T21:14:41.934Z] > git cat-file -s 9edcabbbeec49427e8a069a8463774c7e8475ef5 [2ms]
[2022-08-06T21:15:00.365Z] > git status -z -uall [1ms]
[2022-08-06T21:15:00.373Z] > git symbolic-ref --short HEAD [1ms]
[2022-08-06T21:15:00.380Z] > git for-each-ref --format=%(refname)%00%(upstream:short)%00%(objectname)%00%(upstream:track)%00%(upstream:remotename)%00%(upstream:remoteref) refs/heads/main refs/remotes/main [1ms]
[2022-08-06T21:15:00.396Z] > git for-each-ref --sort -committerdate --format %(refname) %(objectname) %(*objectname) [11ms]
[2022-08-06T21:15:00.396Z] > git remote --verbose [1ms]
[2022-08-06T21:15:00.407Z] > git config --get commit.template [2ms]
[2022-08-06T21:15:11.227Z] > git status -z -uall [2ms]
[2022-08-06T21:15:11.235Z] > git symbolic-ref --short HEAD [1ms]
[2022-08-06T21:15:11.243Z] > git for-each-ref --format=%(refname)%00%(upstream:short)%00%(objectname)%00%(upstream:track)%00%(upstream:remotename)%00%(upstream:remoteref) refs/heads/main refs/remotes/main [1ms]
[2022-08-06T21:15:11.253Z] > git for-each-ref --sort -committerdate --format %(refname) %(objectname) %(*objectname) [5ms]
[2022-08-06T21:15:11.253Z] > git remote --verbose [1ms]
[2022-08-06T21:15:11.261Z] > git config --get commit.template [1ms]
[2022-08-06T21:15:58.770Z] > git show --textconv :src/tests/gameboardFactory.test.js [19ms]
[2022-08-06T21:15:58.771Z] > git ls-files --stage -- /home/tom/Code/TOP/battleship/src/tests/gameboardFactory.test.js [4ms]
[2022-08-06T21:15:58.782Z] > git cat-file -s c514b85064156bde5d072b767decf3cdff5cf459 [2ms]
[2022-08-06T21:16:11.247Z] > git status -z -uall [1ms]
[2022-08-06T21:16:11.256Z] > git symbolic-ref --short HEAD [2ms]
[2022-08-06T21:16:11.262Z] > git for-each-ref --format=%(refname)%00%(upstream:short)%00%(objectname)%00%(upstream:track)%00%(upstream:remotename)%00%(upstream:remoteref) refs/heads/main refs/remotes/main [1ms]
[2022-08-06T21:16:11.274Z] > git for-each-ref --sort -committerdate --format %(refname) %(objectname) %(*objectname) [6ms]
[2022-08-06T21:16:11.274Z] > git remote --verbose [1ms]
[2022-08-06T21:16:11.282Z] > git config --get commit.template [1ms]
[2022-08-06T21:16:17.022Z] > git status -z -uall [4ms]
[2022-08-06T21:16:17.030Z] > git symbolic-ref --short HEAD [1ms]
[2022-08-06T21:16:17.039Z] > git for-each-ref --format=%(refname)%00%(upstream:short)%00%(objectname)%00%(upstream:track)%00%(upstream:remotename)%00%(upstream:remoteref) refs/heads/main refs/remotes/main [1ms]
[2022-08-06T21:16:17.072Z] > git for-each-ref --sort -committerdate --format %(refname) %(objectname) %(*objectname) [27ms]
[2022-08-06T21:16:17.078Z] > git remote --verbose [7ms]
[2022-08-06T21:16:17.094Z] > git config --get commit.template [0ms]
[2022-08-06T21:16:22.116Z] > git status -z -uall [5ms]
[2022-08-06T21:16:22.134Z] > git symbolic-ref --short HEAD [3ms]
[2022-08-06T21:16:22.152Z] > git for-each-ref --format=%(refname)%00%(upstream:short)%00%(objectname)%00%(upstream:track)%00%(upstream:remotename)%00%(upstream:remoteref) refs/heads/main refs/remotes/main [4ms]
[2022-08-06T21:16:22.182Z] > git for-each-ref --sort -committerdate --format %(refname) %(objectname) %(*objectname) [15ms]
[2022-08-06T21:16:22.183Z] > git remote --verbose [2ms]
[2022-08-06T21:16:22.198Z] > git config --get commit.template [2ms]
[2022-08-06T21:18:51.659Z] > git show --textconv :src/tests/gameboardFactory.test.js [17ms]
[2022-08-06T21:18:51.661Z] > git ls-files --stage -- /home/tom/Code/TOP/battleship/src/tests/gameboardFactory.test.js [3ms]
[2022-08-06T21:18:51.672Z] > git cat-file -s c514b85064156bde5d072b767decf3cdff5cf459 [2ms]
[2022-08-06T21:19:05.022Z] > git show --textconv :src/tests/gameboardFactory.test.js [8ms]
[2022-08-06T21:19:05.023Z] > git ls-files --stage -- /home/tom/Code/TOP/battleship/src/tests/gameboardFactory.test.js [1ms]
[2022-08-06T21:19:05.032Z] > git cat-file -s c514b85064156bde5d072b767decf3cdff5cf459 [1ms]
[2022-08-06T21:19:13.648Z] > git show --textconv :src/tests/gameboardFactory.test.js [12ms]
[2022-08-06T21:19:13.649Z] > git ls-files --stage -- /home/tom/Code/TOP/battleship/src/tests/gameboardFactory.test.js [1ms]
[2022-08-06T21:19:13.657Z] > git cat-file -s c514b85064156bde5d072b767decf3cdff5cf459 [1ms]
[2022-08-06T22:02:20.571Z] > git show --textconv :src/gameLoop.js [6ms]
[2022-08-06T22:02:20.572Z] > git ls-files --stage -- /home/tom/Code/TOP/battleship/src/gameLoop.js [1ms]
[2022-08-06T22:02:20.579Z] > git cat-file -s 9edcabbbeec49427e8a069a8463774c7e8475ef5 [1ms]
