["INFO" - 4:23:57 PM] Extension Name: esbenp.prettier-vscode.
["INFO" - 4:23:57 PM] Extension Version: 9.5.0.
["INFO" - 4:29:12 PM] Formatting file:///home/tom/.vscode/extensions/monokai.theme-monokai-pro-vscode-1.1.20/js/app.js
["INFO" - 4:29:12 PM] File Info:
{
  "ignored": false,
  "inferredParser": "babel"
}
["INFO" - 4:29:12 PM] No local configuration (i.e. .prettierrc or .editorconfig) detected, falling back to VS Code configuration
["INFO" - 4:29:12 PM] Prettier Options:
{
  "arrowParens": "always",
  "bracketSpacing": true,
  "endOfLine": "lf",
  "htmlWhitespaceSensitivity": "css",
  "insertPragma": false,
  "jsxBracketSameLine": false,
  "jsxSingleQuote": false,
  "printWidth": 80,
  "proseWrap": "preserve",
  "quoteProps": "as-needed",
  "requirePragma": false,
  "semi": true,
  "singleQuote": false,
  "tabWidth": 2,
  "trailingComma": "es5",
  "useTabs": false,
  "vueIndentScriptAndStyle": false,
  "filepath": "/home/tom/.vscode/extensions/monokai.theme-monokai-pro-vscode-1.1.20/js/app.js",
  "parser": "babel"
}
["INFO" - 4:29:12 PM] Formatting completed in 0.413ms.
