[2022-08-07T03:37:00.711Z] Log level: Info
[2022-08-07T03:37:00.712Z] [info] Validating found git in: git
[2022-08-07T03:37:00.829Z] [info] Using git 2.37.1 from git
[2022-08-07T03:37:00.866Z] > git rev-parse --show-toplevel [23ms]
[2022-08-07T03:37:01.088Z] > git rev-parse --git-dir --git-common-dir [206ms]
[2022-08-07T03:37:01.090Z] [info] Open repository: /home/tom/Code/TOP/battleship
[2022-08-07T03:37:04.141Z] > git status -z -uall [3046ms]
[2022-08-07T03:37:04.146Z] > git check-ignore -v -z --stdin [32ms]
[2022-08-07T03:37:04.164Z] > git symbolic-ref --short HEAD [18ms]
[2022-08-07T03:37:04.198Z] > git show --textconv :src/gameLoop.js [19ms]
[2022-08-07T03:37:04.198Z] > git for-each-ref --format=%(refname)%00%(upstream:short)%00%(objectname)%00%(upstream:track)%00%(upstream:remotename)%00%(upstream:remoteref) refs/heads/main refs/remotes/main [29ms]
[2022-08-07T03:37:04.224Z] > git ls-files --stage -- /home/tom/Code/TOP/battleship/src/gameLoop.js [38ms]
[2022-08-07T03:37:04.229Z] > git remote --verbose [6ms]
[2022-08-07T03:37:04.230Z] > git for-each-ref --sort -committerdate --format %(refname) %(objectname) %(*objectname) [19ms]
[2022-08-07T03:37:04.239Z] > git cat-file -s 9edcabbbeec49427e8a069a8463774c7e8475ef5 [10ms]
[2022-08-07T03:37:04.248Z] > git config --get commit.template [10ms]
[2022-08-07T03:37:04.286Z] > git status -z -uall [4ms]
[2022-08-07T03:37:04.292Z] > git symbolic-ref --short HEAD [0ms]
[2022-08-07T03:37:04.308Z] > git for-each-ref --format=%(refname)%00%(upstream:short)%00%(objectname)%00%(upstream:track)%00%(upstream:remotename)%00%(upstream:remoteref) refs/heads/main refs/remotes/main [6ms]
[2022-08-07T03:37:04.317Z] > git for-each-ref --sort -committerdate --format %(refname) %(objectname) %(*objectname) [5ms]
[2022-08-07T03:37:04.320Z] > git remote --verbose [3ms]
[2022-08-07T03:37:04.328Z] > git config --get commit.template [1ms]
[2022-08-07T03:40:04.028Z] > git show --textconv :src/tests/gameboardFactory.test.js [16ms]
[2022-08-07T03:40:04.029Z] > git ls-files --stage -- /home/tom/Code/TOP/battleship/src/tests/gameboardFactory.test.js [3ms]
[2022-08-07T03:40:04.090Z] > git cat-file -s c514b85064156bde5d072b767decf3cdff5cf459 [38ms]
[2022-08-07T03:40:04.440Z] > git show --textconv :src/gameLoop.js [8ms]
[2022-08-07T03:40:04.440Z] > git ls-files --stage -- /home/tom/Code/TOP/battleship/src/gameLoop.js [4ms]
[2022-08-07T03:40:04.454Z] > git cat-file -s 9edcabbbeec49427e8a069a8463774c7e8475ef5 [10ms]
[2022-08-07T03:40:05.679Z] > git show --textconv :src/tests/gameboardFactory.test.js [4ms]
[2022-08-07T03:40:05.681Z] > git ls-files --stage -- /home/tom/Code/TOP/battleship/src/tests/gameboardFactory.test.js [2ms]
[2022-08-07T03:40:05.690Z] > git cat-file -s c514b85064156bde5d072b767decf3cdff5cf459 [6ms]
[2022-08-07T03:40:06.766Z] > git show --textconv :src/gameLoop.js [7ms]
[2022-08-07T03:40:06.766Z] > git ls-files --stage -- /home/tom/Code/TOP/battleship/src/gameLoop.js [1ms]
[2022-08-07T03:40:06.771Z] > git cat-file -s 9edcabbbeec49427e8a069a8463774c7e8475ef5 [1ms]
[2022-08-07T03:40:10.716Z] > git show --textconv :src/tests/gameboardFactory.test.js [5ms]
[2022-08-07T03:40:10.716Z] > git ls-files --stage -- /home/tom/Code/TOP/battleship/src/tests/gameboardFactory.test.js [1ms]
[2022-08-07T03:40:10.723Z] > git cat-file -s c514b85064156bde5d072b767decf3cdff5cf459 [3ms]
