[2022-08-03 17:20:14.396] [settingssync] [info] Using settings sync service https://vscode-sync.trafficmanager.net/
[2022-08-03 17:20:14.396] [settingssync] [info] Auto Sync is enabled.
[2022-08-03 17:20:14.396] [settingssync] [info] Auto Sync: Suspended until auth token is available.
[2022-08-03 17:36:50.381] [settingssync] [info] Auto Sync: Started
[2022-08-03 17:36:50.382] [settingssync] [info] Auto Sync: Triggered by Interval
[2022-08-03 17:36:51.146] [settingssync] [info] Settings: Updated remote settings
[2022-08-03 17:36:51.155] [settingssync] [info] Settings: Updated last synchronized settings
[2022-08-03 17:36:51.168] [settingssync] [info] Keybindings: No changes found during synchronizing keybindings.
[2022-08-03 17:36:51.176] [settingssync] [info] Snippets: No changes found during synchronizing snippets.
[2022-08-03 17:36:51.181] [settingssync] [info] Tasks: No changes found during synchronizing tasks.
[2022-08-03 17:36:51.436] [settingssync] [info] GlobalState: Updated remote ui state
[2022-08-03 17:36:51.450] [settingssync] [info] GlobalState: Updated last synchronized ui state
[2022-08-03 17:36:51.745] [settingssync] [info] Extensions: Updated remote extensions. Added: ["monokai.theme-monokai-pro-vscode"].
[2022-08-03 17:36:51.779] [settingssync] [info] Extensions: Updated last synchronized extensions.
[2022-08-03 17:36:51.783] [settingssync] [info] Sync done. Took 940ms
[2022-08-03 17:38:24.787] [settingssync] [info] Auto Sync: Triggered by Activity
[2022-08-03 17:38:24.896] [settingssync] [info] Settings: No changes found during synchronizing settings.
[2022-08-03 17:38:24.912] [settingssync] [info] Keybindings: No changes found during synchronizing keybindings.
[2022-08-03 17:38:24.921] [settingssync] [info] Snippets: No changes found during synchronizing snippets.
[2022-08-03 17:38:24.927] [settingssync] [info] Tasks: No changes found during synchronizing tasks.
[2022-08-03 17:38:25.122] [settingssync] [info] GlobalState: Updated global state ["cpp.1.sessionCount","java.2.sessionCount","typescript.1.sessionCount","workbench.activity.pinnedViewlets2"]
[2022-08-03 17:38:25.122] [settingssync] [info] GlobalState: Updated local ui state
[2022-08-03 17:38:25.129] [settingssync] [info] GlobalState: Updated last synchronized ui state
[2022-08-03 17:38:25.245] [settingssync] [info] Extensions: No changes found during synchronizing extensions.
[2022-08-03 17:38:25.246] [settingssync] [info] Sync done. Took 365ms
[2022-08-03 17:39:06.770] [settingssync] [info] Auto Sync: Triggered by Activity
[2022-08-03 17:39:06.892] [settingssync] [info] Settings: No changes found during synchronizing settings.
[2022-08-03 17:39:06.919] [settingssync] [info] Keybindings: No changes found during synchronizing keybindings.
[2022-08-03 17:39:06.941] [settingssync] [info] Snippets: No changes found during synchronizing snippets.
[2022-08-03 17:39:06.951] [settingssync] [info] Tasks: No changes found during synchronizing tasks.
[2022-08-03 17:39:07.117] [settingssync] [info] GlobalState: Updated global state ["workbench.activity.pinnedViewlets2"]
[2022-08-03 17:39:07.118] [settingssync] [info] GlobalState: Updated local ui state
[2022-08-03 17:39:07.126] [settingssync] [info] GlobalState: Updated last synchronized ui state
[2022-08-03 17:39:07.276] [settingssync] [info] Extensions: No changes found during synchronizing extensions.
[2022-08-03 17:39:07.280] [settingssync] [info] Sync done. Took 407ms
[2022-08-03 17:39:42.653] [settingssync] [info] Auto Sync: Triggered by Activity
[2022-08-03 17:39:42.792] [settingssync] [info] Settings: No changes found during synchronizing settings.
[2022-08-03 17:39:42.799] [settingssync] [info] Keybindings: No changes found during synchronizing keybindings.
[2022-08-03 17:39:42.806] [settingssync] [info] Snippets: No changes found during synchronizing snippets.
[2022-08-03 17:39:42.809] [settingssync] [info] Tasks: No changes found during synchronizing tasks.
[2022-08-03 17:39:42.815] [settingssync] [info] GlobalState: No changes found during synchronizing ui state.
[2022-08-03 17:39:42.888] [settingssync] [info] Extensions: No changes found during synchronizing extensions.
[2022-08-03 17:39:42.890] [settingssync] [info] Sync done. Took 123ms
[2022-08-03 17:39:58.433] [settingssync] [info] Auto Sync: Triggered by Activity
[2022-08-03 17:39:58.591] [settingssync] [info] Settings: No changes found during synchronizing settings.
[2022-08-03 17:39:58.602] [settingssync] [info] Keybindings: No changes found during synchronizing keybindings.
[2022-08-03 17:39:58.608] [settingssync] [info] Snippets: No changes found during synchronizing snippets.
[2022-08-03 17:39:58.613] [settingssync] [info] Tasks: No changes found during synchronizing tasks.
[2022-08-03 17:39:58.621] [settingssync] [info] GlobalState: No changes found during synchronizing ui state.
[2022-08-03 17:39:58.713] [settingssync] [info] Extensions: No changes found during synchronizing extensions.
[2022-08-03 17:39:58.715] [settingssync] [info] Sync done. Took 139ms
[2022-08-03 17:43:12.205] [settingssync] [info] Auto Sync: Triggered by Activity
[2022-08-03 17:43:12.417] [settingssync] [info] Settings: No changes found during synchronizing settings.
[2022-08-03 17:43:12.422] [settingssync] [info] Keybindings: No changes found during synchronizing keybindings.
[2022-08-03 17:43:12.426] [settingssync] [info] Snippets: No changes found during synchronizing snippets.
[2022-08-03 17:43:12.429] [settingssync] [info] Tasks: No changes found during synchronizing tasks.
[2022-08-03 17:43:12.438] [settingssync] [info] GlobalState: No changes found during synchronizing ui state.
[2022-08-03 17:43:12.529] [settingssync] [info] Extensions: No changes found during synchronizing extensions.
[2022-08-03 17:43:12.531] [settingssync] [info] Sync done. Took 117ms
[2022-08-03 17:43:47.118] [settingssync] [info] Auto Sync: Triggered by Activity
[2022-08-03 17:43:47.229] [settingssync] [info] Settings: No changes found during synchronizing settings.
[2022-08-03 17:43:47.233] [settingssync] [info] Keybindings: No changes found during synchronizing keybindings.
[2022-08-03 17:43:47.237] [settingssync] [info] Snippets: No changes found during synchronizing snippets.
[2022-08-03 17:43:47.247] [settingssync] [info] Tasks: No changes found during synchronizing tasks.
[2022-08-03 17:43:47.253] [settingssync] [info] GlobalState: No changes found during synchronizing ui state.
[2022-08-03 17:43:47.335] [settingssync] [info] Extensions: No changes found during synchronizing extensions.
[2022-08-03 17:43:47.337] [settingssync] [info] Sync done. Took 130ms
[2022-08-03 17:44:49.300] [settingssync] [info] Auto Sync: Triggered by Activity
[2022-08-03 17:44:49.402] [settingssync] [info] Settings: No changes found during synchronizing settings.
[2022-08-03 17:44:49.409] [settingssync] [info] Keybindings: No changes found during synchronizing keybindings.
[2022-08-03 17:44:49.415] [settingssync] [info] Snippets: No changes found during synchronizing snippets.
[2022-08-03 17:44:49.418] [settingssync] [info] Tasks: No changes found during synchronizing tasks.
[2022-08-03 17:44:49.426] [settingssync] [info] GlobalState: No changes found during synchronizing ui state.
[2022-08-03 17:44:49.535] [settingssync] [info] Extensions: No changes found during synchronizing extensions.
[2022-08-03 17:44:49.537] [settingssync] [info] Sync done. Took 149ms
[2022-08-03 17:45:09.265] [settingssync] [info] Auto Sync: Triggered by Activity
[2022-08-03 17:45:09.518] [settingssync] [info] Settings: No changes found during synchronizing settings.
[2022-08-03 17:45:09.526] [settingssync] [info] Keybindings: No changes found during synchronizing keybindings.
[2022-08-03 17:45:09.530] [settingssync] [info] Snippets: No changes found during synchronizing snippets.
[2022-08-03 17:45:09.534] [settingssync] [info] Tasks: No changes found during synchronizing tasks.
[2022-08-03 17:45:09.541] [settingssync] [info] GlobalState: No changes found during synchronizing ui state.
[2022-08-03 17:45:09.634] [settingssync] [info] Extensions: No changes found during synchronizing extensions.
[2022-08-03 17:45:09.635] [settingssync] [info] Sync done. Took 122ms
[2022-08-03 17:45:30.726] [settingssync] [info] Auto Sync: Triggered by Activity
[2022-08-03 17:45:30.835] [settingssync] [info] Settings: No changes found during synchronizing settings.
[2022-08-03 17:45:30.839] [settingssync] [info] Keybindings: No changes found during synchronizing keybindings.
[2022-08-03 17:45:30.852] [settingssync] [info] Snippets: No changes found during synchronizing snippets.
[2022-08-03 17:45:30.858] [settingssync] [info] Tasks: No changes found during synchronizing tasks.
[2022-08-03 17:45:31.098] [settingssync] [info] GlobalState: Updated remote ui state
[2022-08-03 17:45:31.104] [settingssync] [info] GlobalState: Updated last synchronized ui state
[2022-08-03 17:45:31.197] [settingssync] [info] Extensions: No changes found during synchronizing extensions.
[2022-08-03 17:45:31.202] [settingssync] [info] Sync done. Took 389ms
[2022-08-03 17:48:15.204] [settingssync] [info] Auto Sync: Triggered by Activity
[2022-08-03 17:48:15.421] [settingssync] [info] Settings: No changes found during synchronizing settings.
[2022-08-03 17:48:15.426] [settingssync] [info] Keybindings: No changes found during synchronizing keybindings.
[2022-08-03 17:48:15.432] [settingssync] [info] Snippets: No changes found during synchronizing snippets.
[2022-08-03 17:48:15.436] [settingssync] [info] Tasks: No changes found during synchronizing tasks.
[2022-08-03 17:48:15.442] [settingssync] [info] GlobalState: No changes found during synchronizing ui state.
[2022-08-03 17:48:15.516] [settingssync] [info] Extensions: No changes found during synchronizing extensions.
[2022-08-03 17:48:15.518] [settingssync] [info] Sync done. Took 105ms
[2022-08-03 17:53:15.521] [settingssync] [info] Auto Sync: Triggered by Interval
[2022-08-03 17:53:15.729] [settingssync] [info] Settings: No changes found during synchronizing settings.
[2022-08-03 17:53:15.742] [settingssync] [info] Keybindings: No changes found during synchronizing keybindings.
[2022-08-03 17:53:15.756] [settingssync] [info] Snippets: No changes found during synchronizing snippets.
[2022-08-03 17:53:15.760] [settingssync] [info] Tasks: No changes found during synchronizing tasks.
[2022-08-03 17:53:15.767] [settingssync] [info] GlobalState: No changes found during synchronizing ui state.
[2022-08-03 17:53:15.857] [settingssync] [info] Extensions: No changes found during synchronizing extensions.
[2022-08-03 17:53:15.859] [settingssync] [info] Sync done. Took 135ms
[2022-08-03 17:58:15.860] [settingssync] [info] Auto Sync: Triggered by Interval
[2022-08-03 17:58:16.101] [settingssync] [info] Settings: No changes found during synchronizing settings.
[2022-08-03 17:58:16.115] [settingssync] [info] Keybindings: No changes found during synchronizing keybindings.
[2022-08-03 17:58:16.119] [settingssync] [info] Snippets: No changes found during synchronizing snippets.
[2022-08-03 17:58:16.124] [settingssync] [info] Tasks: No changes found during synchronizing tasks.
[2022-08-03 17:58:16.131] [settingssync] [info] GlobalState: No changes found during synchronizing ui state.
[2022-08-03 17:58:16.209] [settingssync] [info] Extensions: No changes found during synchronizing extensions.
[2022-08-03 17:58:16.211] [settingssync] [info] Sync done. Took 127ms
[2022-08-03 18:03:16.211] [settingssync] [info] Auto Sync: Triggered by Interval
[2022-08-03 18:03:16.439] [settingssync] [info] Settings: No changes found during synchronizing settings.
[2022-08-03 18:03:16.446] [settingssync] [info] Keybindings: No changes found during synchronizing keybindings.
[2022-08-03 18:03:16.453] [settingssync] [info] Snippets: No changes found during synchronizing snippets.
[2022-08-03 18:03:16.457] [settingssync] [info] Tasks: No changes found during synchronizing tasks.
[2022-08-03 18:03:16.465] [settingssync] [info] GlobalState: No changes found during synchronizing ui state.
[2022-08-03 18:03:16.553] [settingssync] [info] Extensions: No changes found during synchronizing extensions.
[2022-08-03 18:03:16.556] [settingssync] [info] Sync done. Took 129ms
[2022-08-03 18:08:16.558] [settingssync] [info] Auto Sync: Triggered by Interval
[2022-08-03 18:08:16.916] [settingssync] [info] Settings: No changes found during synchronizing settings.
[2022-08-03 18:08:16.931] [settingssync] [info] Keybindings: No changes found during synchronizing keybindings.
[2022-08-03 18:08:16.938] [settingssync] [info] Snippets: No changes found during synchronizing snippets.
[2022-08-03 18:08:16.942] [settingssync] [info] Tasks: No changes found during synchronizing tasks.
[2022-08-03 18:08:16.947] [settingssync] [info] GlobalState: No changes found during synchronizing ui state.
[2022-08-03 18:08:17.023] [settingssync] [info] Extensions: No changes found during synchronizing extensions.
[2022-08-03 18:08:17.025] [settingssync] [info] Sync done. Took 137ms
[2022-08-03 18:13:17.028] [settingssync] [info] Auto Sync: Triggered by Interval
[2022-08-03 18:13:17.386] [settingssync] [info] Settings: No changes found during synchronizing settings.
[2022-08-03 18:13:17.400] [settingssync] [info] Keybindings: No changes found during synchronizing keybindings.
[2022-08-03 18:13:17.413] [settingssync] [info] Snippets: No changes found during synchronizing snippets.
[2022-08-03 18:13:17.422] [settingssync] [info] Tasks: No changes found during synchronizing tasks.
[2022-08-03 18:13:17.444] [settingssync] [info] GlobalState: No changes found during synchronizing ui state.
[2022-08-03 18:13:17.528] [settingssync] [info] Extensions: No changes found during synchronizing extensions.
[2022-08-03 18:13:17.529] [settingssync] [info] Sync done. Took 158ms
[2022-08-03 18:18:17.532] [settingssync] [info] Auto Sync: Triggered by Interval
[2022-08-03 18:18:17.902] [settingssync] [info] Settings: No changes found during synchronizing settings.
[2022-08-03 18:18:17.922] [settingssync] [info] Keybindings: No changes found during synchronizing keybindings.
[2022-08-03 18:18:17.929] [settingssync] [info] Snippets: No changes found during synchronizing snippets.
[2022-08-03 18:18:17.931] [settingssync] [info] Tasks: No changes found during synchronizing tasks.
[2022-08-03 18:18:17.937] [settingssync] [info] GlobalState: No changes found during synchronizing ui state.
[2022-08-03 18:18:18.012] [settingssync] [info] Extensions: No changes found during synchronizing extensions.
[2022-08-03 18:18:18.013] [settingssync] [info] Sync done. Took 141ms
[2022-08-03 18:22:03.384] [settingssync] [info] Auto Sync: Triggered by Activity
[2022-08-03 18:22:03.651] [settingssync] [info] Settings: No changes found during synchronizing settings.
[2022-08-03 18:22:03.661] [settingssync] [info] Keybindings: No changes found during synchronizing keybindings.
[2022-08-03 18:22:03.668] [settingssync] [info] Snippets: No changes found during synchronizing snippets.
[2022-08-03 18:22:03.673] [settingssync] [info] Tasks: No changes found during synchronizing tasks.
[2022-08-03 18:22:03.680] [settingssync] [info] GlobalState: No changes found during synchronizing ui state.
[2022-08-03 18:22:03.761] [settingssync] [info] Extensions: No changes found during synchronizing extensions.
[2022-08-03 18:22:03.762] [settingssync] [info] Sync done. Took 146ms
[2022-08-03 18:27:03.763] [settingssync] [info] Auto Sync: Triggered by Interval
[2022-08-03 18:27:04.085] [settingssync] [info] Settings: No changes found during synchronizing settings.
[2022-08-03 18:27:04.104] [settingssync] [info] Keybindings: No changes found during synchronizing keybindings.
[2022-08-03 18:27:04.122] [settingssync] [info] Snippets: No changes found during synchronizing snippets.
[2022-08-03 18:27:04.135] [settingssync] [info] Tasks: No changes found during synchronizing tasks.
[2022-08-03 18:27:04.161] [settingssync] [info] GlobalState: No changes found during synchronizing ui state.
[2022-08-03 18:27:04.260] [settingssync] [info] Extensions: No changes found during synchronizing extensions.
[2022-08-03 18:27:04.263] [settingssync] [info] Sync done. Took 195ms
[2022-08-03 18:32:04.265] [settingssync] [info] Auto Sync: Triggered by Interval
[2022-08-03 18:32:04.533] [settingssync] [info] Settings: No changes found during synchronizing settings.
[2022-08-03 18:32:04.538] [settingssync] [info] Keybindings: No changes found during synchronizing keybindings.
[2022-08-03 18:32:04.542] [settingssync] [info] Snippets: No changes found during synchronizing snippets.
[2022-08-03 18:32:04.545] [settingssync] [info] Tasks: No changes found during synchronizing tasks.
[2022-08-03 18:32:04.550] [settingssync] [info] GlobalState: No changes found during synchronizing ui state.
[2022-08-03 18:32:04.633] [settingssync] [info] Extensions: No changes found during synchronizing extensions.
[2022-08-03 18:32:04.634] [settingssync] [info] Sync done. Took 113ms
[2022-08-03 18:37:04.636] [settingssync] [info] Auto Sync: Triggered by Interval
[2022-08-03 18:37:04.904] [settingssync] [info] Settings: No changes found during synchronizing settings.
[2022-08-03 18:37:04.918] [settingssync] [info] Keybindings: No changes found during synchronizing keybindings.
[2022-08-03 18:37:04.927] [settingssync] [info] Snippets: No changes found during synchronizing snippets.
[2022-08-03 18:37:04.932] [settingssync] [info] Tasks: No changes found during synchronizing tasks.
[2022-08-03 18:37:04.941] [settingssync] [info] GlobalState: No changes found during synchronizing ui state.
[2022-08-03 18:37:05.013] [settingssync] [info] Extensions: No changes found during synchronizing extensions.
[2022-08-03 18:37:05.019] [settingssync] [info] Sync done. Took 132ms
[2022-08-03 18:42:05.022] [settingssync] [info] Auto Sync: Triggered by Interval
[2022-08-03 18:42:05.338] [settingssync] [info] Settings: No changes found during synchronizing settings.
[2022-08-03 18:42:05.351] [settingssync] [info] Keybindings: No changes found during synchronizing keybindings.
[2022-08-03 18:42:05.364] [settingssync] [info] Snippets: No changes found during synchronizing snippets.
[2022-08-03 18:42:05.374] [settingssync] [info] Tasks: No changes found during synchronizing tasks.
[2022-08-03 18:42:05.393] [settingssync] [info] GlobalState: No changes found during synchronizing ui state.
[2022-08-03 18:42:05.468] [settingssync] [info] Extensions: No changes found during synchronizing extensions.
[2022-08-03 18:42:05.469] [settingssync] [info] Sync done. Took 149ms
[2022-08-03 18:47:05.472] [settingssync] [info] Auto Sync: Triggered by Interval
[2022-08-03 18:47:05.724] [settingssync] [info] Settings: No changes found during synchronizing settings.
[2022-08-03 18:47:05.736] [settingssync] [info] Keybindings: No changes found during synchronizing keybindings.
[2022-08-03 18:47:05.749] [settingssync] [info] Snippets: No changes found during synchronizing snippets.
[2022-08-03 18:47:05.758] [settingssync] [info] Tasks: No changes found during synchronizing tasks.
[2022-08-03 18:47:05.778] [settingssync] [info] GlobalState: No changes found during synchronizing ui state.
[2022-08-03 18:47:05.866] [settingssync] [info] Extensions: No changes found during synchronizing extensions.
[2022-08-03 18:47:05.868] [settingssync] [info] Sync done. Took 158ms
[2022-08-03 18:52:05.870] [settingssync] [info] Auto Sync: Triggered by Interval
[2022-08-03 18:52:06.249] [settingssync] [info] Settings: No changes found during synchronizing settings.
[2022-08-03 18:52:06.262] [settingssync] [info] Keybindings: No changes found during synchronizing keybindings.
[2022-08-03 18:52:06.269] [settingssync] [info] Snippets: No changes found during synchronizing snippets.
[2022-08-03 18:52:06.274] [settingssync] [info] Tasks: No changes found during synchronizing tasks.
[2022-08-03 18:52:06.280] [settingssync] [info] GlobalState: No changes found during synchronizing ui state.
[2022-08-03 18:52:06.349] [settingssync] [info] Extensions: No changes found during synchronizing extensions.
[2022-08-03 18:52:06.351] [settingssync] [info] Sync done. Took 131ms
[2022-08-03 18:57:06.353] [settingssync] [info] Auto Sync: Triggered by Interval
[2022-08-03 18:57:06.717] [settingssync] [info] Settings: No changes found during synchronizing settings.
[2022-08-03 18:57:06.731] [settingssync] [info] Keybindings: No changes found during synchronizing keybindings.
[2022-08-03 18:57:06.738] [settingssync] [info] Snippets: No changes found during synchronizing snippets.
[2022-08-03 18:57:06.744] [settingssync] [info] Tasks: No changes found during synchronizing tasks.
[2022-08-03 18:57:06.752] [settingssync] [info] GlobalState: No changes found during synchronizing ui state.
[2022-08-03 18:57:06.823] [settingssync] [info] Extensions: No changes found during synchronizing extensions.
[2022-08-03 18:57:06.825] [settingssync] [info] Sync done. Took 134ms
[2022-08-03 19:02:06.828] [settingssync] [info] Auto Sync: Triggered by Interval
[2022-08-03 19:02:07.178] [settingssync] [info] Settings: No changes found during synchronizing settings.
[2022-08-03 19:02:07.195] [settingssync] [info] Keybindings: No changes found during synchronizing keybindings.
[2022-08-03 19:02:07.199] [settingssync] [info] Snippets: No changes found during synchronizing snippets.
[2022-08-03 19:02:07.203] [settingssync] [info] Tasks: No changes found during synchronizing tasks.
[2022-08-03 19:02:07.209] [settingssync] [info] GlobalState: No changes found during synchronizing ui state.
[2022-08-03 19:02:07.280] [settingssync] [info] Extensions: No changes found during synchronizing extensions.
[2022-08-03 19:02:07.282] [settingssync] [info] Sync done. Took 133ms
[2022-08-03 19:07:07.284] [settingssync] [info] Auto Sync: Triggered by Interval
[2022-08-03 19:07:07.656] [settingssync] [info] Settings: No changes found during synchronizing settings.
[2022-08-03 19:07:07.668] [settingssync] [info] Keybindings: No changes found during synchronizing keybindings.
[2022-08-03 19:07:07.674] [settingssync] [info] Snippets: No changes found during synchronizing snippets.
[2022-08-03 19:07:07.679] [settingssync] [info] Tasks: No changes found during synchronizing tasks.
[2022-08-03 19:07:07.686] [settingssync] [info] GlobalState: No changes found during synchronizing ui state.
[2022-08-03 19:07:07.755] [settingssync] [info] Extensions: No changes found during synchronizing extensions.
[2022-08-03 19:07:07.757] [settingssync] [info] Sync done. Took 129ms
[2022-08-03 19:12:07.758] [settingssync] [info] Auto Sync: Triggered by Interval
[2022-08-03 19:12:08.025] [settingssync] [info] Settings: No changes found during synchronizing settings.
[2022-08-03 19:12:08.036] [settingssync] [info] Keybindings: No changes found during synchronizing keybindings.
[2022-08-03 19:12:08.049] [settingssync] [info] Snippets: No changes found during synchronizing snippets.
[2022-08-03 19:12:08.058] [settingssync] [info] Tasks: No changes found during synchronizing tasks.
[2022-08-03 19:12:08.078] [settingssync] [info] GlobalState: No changes found during synchronizing ui state.
[2022-08-03 19:12:08.178] [settingssync] [info] Extensions: No changes found during synchronizing extensions.
[2022-08-03 19:12:08.179] [settingssync] [info] Sync done. Took 170ms
[2022-08-03 19:17:08.181] [settingssync] [info] Auto Sync: Triggered by Interval
[2022-08-03 19:17:08.510] [settingssync] [info] Settings: No changes found during synchronizing settings.
[2022-08-03 19:17:08.523] [settingssync] [info] Keybindings: No changes found during synchronizing keybindings.
[2022-08-03 19:17:08.530] [settingssync] [info] Snippets: No changes found during synchronizing snippets.
[2022-08-03 19:17:08.533] [settingssync] [info] Tasks: No changes found during synchronizing tasks.
[2022-08-03 19:17:08.542] [settingssync] [info] GlobalState: No changes found during synchronizing ui state.
[2022-08-03 19:17:08.622] [settingssync] [info] Extensions: No changes found during synchronizing extensions.
[2022-08-03 19:17:08.623] [settingssync] [info] Sync done. Took 147ms
[2022-08-03 19:22:08.625] [settingssync] [info] Auto Sync: Triggered by Interval
[2022-08-03 19:22:08.983] [settingssync] [info] Settings: No changes found during synchronizing settings.
[2022-08-03 19:22:08.996] [settingssync] [info] Keybindings: No changes found during synchronizing keybindings.
[2022-08-03 19:22:09.003] [settingssync] [info] Snippets: No changes found during synchronizing snippets.
[2022-08-03 19:22:09.007] [settingssync] [info] Tasks: No changes found during synchronizing tasks.
[2022-08-03 19:22:09.016] [settingssync] [info] GlobalState: No changes found during synchronizing ui state.
[2022-08-03 19:22:09.089] [settingssync] [info] Extensions: No changes found during synchronizing extensions.
[2022-08-03 19:22:09.090] [settingssync] [info] Sync done. Took 135ms
[2022-08-03 19:27:09.093] [settingssync] [info] Auto Sync: Triggered by Interval
[2022-08-03 19:27:09.329] [settingssync] [info] Settings: No changes found during synchronizing settings.
[2022-08-03 19:27:09.334] [settingssync] [info] Keybindings: No changes found during synchronizing keybindings.
[2022-08-03 19:27:09.338] [settingssync] [info] Snippets: No changes found during synchronizing snippets.
[2022-08-03 19:27:09.340] [settingssync] [info] Tasks: No changes found during synchronizing tasks.
[2022-08-03 19:27:09.345] [settingssync] [info] GlobalState: No changes found during synchronizing ui state.
[2022-08-03 19:27:09.414] [settingssync] [info] Extensions: No changes found during synchronizing extensions.
[2022-08-03 19:27:09.415] [settingssync] [info] Sync done. Took 106ms
[2022-08-03 19:32:09.418] [settingssync] [info] Auto Sync: Triggered by Interval
[2022-08-03 19:32:09.670] [settingssync] [info] Settings: No changes found during synchronizing settings.
[2022-08-03 19:32:09.677] [settingssync] [info] Keybindings: No changes found during synchronizing keybindings.
[2022-08-03 19:32:09.682] [settingssync] [info] Snippets: No changes found during synchronizing snippets.
[2022-08-03 19:32:09.685] [settingssync] [info] Tasks: No changes found during synchronizing tasks.
[2022-08-03 19:32:09.690] [settingssync] [info] GlobalState: No changes found during synchronizing ui state.
[2022-08-03 19:32:09.756] [settingssync] [info] Extensions: No changes found during synchronizing extensions.
[2022-08-03 19:32:09.757] [settingssync] [info] Sync done. Took 108ms
[2022-08-03 19:37:09.759] [settingssync] [info] Auto Sync: Triggered by Interval
[2022-08-03 19:37:10.130] [settingssync] [info] Settings: No changes found during synchronizing settings.
[2022-08-03 19:37:10.142] [settingssync] [info] Keybindings: No changes found during synchronizing keybindings.
[2022-08-03 19:37:10.149] [settingssync] [info] Snippets: No changes found during synchronizing snippets.
[2022-08-03 19:37:10.154] [settingssync] [info] Tasks: No changes found during synchronizing tasks.
[2022-08-03 19:37:10.161] [settingssync] [info] GlobalState: No changes found during synchronizing ui state.
[2022-08-03 19:37:10.235] [settingssync] [info] Extensions: No changes found during synchronizing extensions.
[2022-08-03 19:37:10.236] [settingssync] [info] Sync done. Took 134ms
[2022-08-03 19:42:10.239] [settingssync] [info] Auto Sync: Triggered by Interval
[2022-08-03 19:42:10.559] [settingssync] [info] Settings: No changes found during synchronizing settings.
[2022-08-03 19:42:10.571] [settingssync] [info] Keybindings: No changes found during synchronizing keybindings.
[2022-08-03 19:42:10.584] [settingssync] [info] Snippets: No changes found during synchronizing snippets.
[2022-08-03 19:42:10.595] [settingssync] [info] Tasks: No changes found during synchronizing tasks.
[2022-08-03 19:42:10.621] [settingssync] [info] GlobalState: No changes found during synchronizing ui state.
[2022-08-03 19:42:10.705] [settingssync] [info] Extensions: No changes found during synchronizing extensions.
[2022-08-03 19:42:10.707] [settingssync] [info] Sync done. Took 161ms
[2022-08-03 19:47:10.709] [settingssync] [info] Auto Sync: Triggered by Interval
[2022-08-03 19:47:11.034] [settingssync] [info] Settings: No changes found during synchronizing settings.
[2022-08-03 19:47:11.046] [settingssync] [info] Keybindings: No changes found during synchronizing keybindings.
[2022-08-03 19:47:11.058] [settingssync] [info] Snippets: No changes found during synchronizing snippets.
[2022-08-03 19:47:11.068] [settingssync] [info] Tasks: No changes found during synchronizing tasks.
[2022-08-03 19:47:11.087] [settingssync] [info] GlobalState: No changes found during synchronizing ui state.
[2022-08-03 19:47:11.189] [settingssync] [info] Extensions: No changes found during synchronizing extensions.
[2022-08-03 19:47:11.191] [settingssync] [info] Sync done. Took 171ms
[2022-08-03 19:52:11.193] [settingssync] [info] Auto Sync: Triggered by Interval
[2022-08-03 19:52:11.514] [settingssync] [info] Settings: No changes found during synchronizing settings.
[2022-08-03 19:52:11.519] [settingssync] [info] Keybindings: No changes found during synchronizing keybindings.
[2022-08-03 19:52:11.522] [settingssync] [info] Snippets: No changes found during synchronizing snippets.
[2022-08-03 19:52:11.525] [settingssync] [info] Tasks: No changes found during synchronizing tasks.
[2022-08-03 19:52:11.530] [settingssync] [info] GlobalState: No changes found during synchronizing ui state.
[2022-08-03 19:52:11.600] [settingssync] [info] Extensions: No changes found during synchronizing extensions.
[2022-08-03 19:52:11.603] [settingssync] [info] Sync done. Took 104ms
[2022-08-03 19:57:11.605] [settingssync] [info] Auto Sync: Triggered by Interval
[2022-08-03 19:57:11.917] [settingssync] [info] Settings: No changes found during synchronizing settings.
[2022-08-03 19:57:11.920] [settingssync] [info] Keybindings: No changes found during synchronizing keybindings.
[2022-08-03 19:57:11.924] [settingssync] [info] Snippets: No changes found during synchronizing snippets.
[2022-08-03 19:57:11.927] [settingssync] [info] Tasks: No changes found during synchronizing tasks.
[2022-08-03 19:57:11.932] [settingssync] [info] GlobalState: No changes found during synchronizing ui state.
[2022-08-03 19:57:11.999] [settingssync] [info] Extensions: No changes found during synchronizing extensions.
[2022-08-03 19:57:12.001] [settingssync] [info] Sync done. Took 97ms
[2022-08-03 20:02:12.003] [settingssync] [info] Auto Sync: Triggered by Interval
[2022-08-03 20:02:12.246] [settingssync] [info] Settings: No changes found during synchronizing settings.
[2022-08-03 20:02:12.250] [settingssync] [info] Keybindings: No changes found during synchronizing keybindings.
[2022-08-03 20:02:12.254] [settingssync] [info] Snippets: No changes found during synchronizing snippets.
[2022-08-03 20:02:12.257] [settingssync] [info] Tasks: No changes found during synchronizing tasks.
[2022-08-03 20:02:12.262] [settingssync] [info] GlobalState: No changes found during synchronizing ui state.
[2022-08-03 20:02:12.344] [settingssync] [info] Extensions: No changes found during synchronizing extensions.
[2022-08-03 20:02:12.345] [settingssync] [info] Sync done. Took 111ms
[2022-08-03 20:07:12.348] [settingssync] [info] Auto Sync: Triggered by Interval
[2022-08-03 20:07:12.585] [settingssync] [info] Settings: No changes found during synchronizing settings.
[2022-08-03 20:07:12.598] [settingssync] [info] Keybindings: No changes found during synchronizing keybindings.
[2022-08-03 20:07:12.611] [settingssync] [info] Snippets: No changes found during synchronizing snippets.
[2022-08-03 20:07:12.621] [settingssync] [info] Tasks: No changes found during synchronizing tasks.
[2022-08-03 20:07:12.640] [settingssync] [info] GlobalState: No changes found during synchronizing ui state.
[2022-08-03 20:07:12.745] [settingssync] [info] Extensions: No changes found during synchronizing extensions.
[2022-08-03 20:07:12.747] [settingssync] [info] Sync done. Took 176ms
[2022-08-03 20:12:12.749] [settingssync] [info] Auto Sync: Triggered by Interval
[2022-08-03 20:12:13.110] [settingssync] [info] Settings: No changes found during synchronizing settings.
[2022-08-03 20:12:13.123] [settingssync] [info] Keybindings: No changes found during synchronizing keybindings.
[2022-08-03 20:12:13.136] [settingssync] [info] Snippets: No changes found during synchronizing snippets.
[2022-08-03 20:12:13.146] [settingssync] [info] Tasks: No changes found during synchronizing tasks.
[2022-08-03 20:12:13.165] [settingssync] [info] GlobalState: No changes found during synchronizing ui state.
[2022-08-03 20:12:13.248] [settingssync] [info] Extensions: No changes found during synchronizing extensions.
[2022-08-03 20:12:13.253] [settingssync] [info] Sync done. Took 155ms
[2022-08-03 20:17:13.252] [settingssync] [info] Auto Sync: Triggered by Interval
[2022-08-03 20:17:13.533] [settingssync] [info] Settings: No changes found during synchronizing settings.
[2022-08-03 20:17:13.548] [settingssync] [info] Keybindings: No changes found during synchronizing keybindings.
[2022-08-03 20:17:13.558] [settingssync] [info] Snippets: No changes found during synchronizing snippets.
[2022-08-03 20:17:13.563] [settingssync] [info] Tasks: No changes found during synchronizing tasks.
[2022-08-03 20:17:13.573] [settingssync] [info] GlobalState: No changes found during synchronizing ui state.
[2022-08-03 20:17:13.649] [settingssync] [info] Extensions: No changes found during synchronizing extensions.
[2022-08-03 20:17:13.650] [settingssync] [info] Sync done. Took 136ms
[2022-08-03 20:22:13.651] [settingssync] [info] Auto Sync: Triggered by Interval
[2022-08-03 20:22:13.980] [settingssync] [info] Settings: No changes found during synchronizing settings.
[2022-08-03 20:22:13.992] [settingssync] [info] Keybindings: No changes found during synchronizing keybindings.
[2022-08-03 20:22:14.002] [settingssync] [info] Snippets: No changes found during synchronizing snippets.
[2022-08-03 20:22:14.008] [settingssync] [info] Tasks: No changes found during synchronizing tasks.
[2022-08-03 20:22:14.024] [settingssync] [info] GlobalState: No changes found during synchronizing ui state.
[2022-08-03 20:22:14.151] [settingssync] [info] Extensions: No changes found during synchronizing extensions.
[2022-08-03 20:22:14.152] [settingssync] [info] Sync done. Took 182ms
[2022-08-03 20:27:14.155] [settingssync] [info] Auto Sync: Triggered by Interval
[2022-08-03 20:27:14.394] [settingssync] [info] Settings: No changes found during synchronizing settings.
[2022-08-03 20:27:14.402] [settingssync] [info] Keybindings: No changes found during synchronizing keybindings.
[2022-08-03 20:27:14.408] [settingssync] [info] Snippets: No changes found during synchronizing snippets.
[2022-08-03 20:27:14.412] [settingssync] [info] Tasks: No changes found during synchronizing tasks.
[2022-08-03 20:27:14.418] [settingssync] [info] GlobalState: No changes found during synchronizing ui state.
[2022-08-03 20:27:14.495] [settingssync] [info] Extensions: No changes found during synchronizing extensions.
[2022-08-03 20:27:14.497] [settingssync] [info] Sync done. Took 127ms
[2022-08-03 20:32:14.499] [settingssync] [info] Auto Sync: Triggered by Interval
[2022-08-03 20:32:14.799] [settingssync] [info] Settings: No changes found during synchronizing settings.
[2022-08-03 20:32:14.809] [settingssync] [info] Keybindings: No changes found during synchronizing keybindings.
[2022-08-03 20:32:14.815] [settingssync] [info] Snippets: No changes found during synchronizing snippets.
[2022-08-03 20:32:14.819] [settingssync] [info] Tasks: No changes found during synchronizing tasks.
[2022-08-03 20:32:14.826] [settingssync] [info] GlobalState: No changes found during synchronizing ui state.
[2022-08-03 20:32:14.898] [settingssync] [info] Extensions: No changes found during synchronizing extensions.
[2022-08-03 20:32:14.899] [settingssync] [info] Sync done. Took 128ms
[2022-08-03 20:37:14.901] [settingssync] [info] Auto Sync: Triggered by Interval
[2022-08-03 20:37:15.127] [settingssync] [info] Settings: No changes found during synchronizing settings.
[2022-08-03 20:37:15.133] [settingssync] [info] Keybindings: No changes found during synchronizing keybindings.
[2022-08-03 20:37:15.137] [settingssync] [info] Snippets: No changes found during synchronizing snippets.
[2022-08-03 20:37:15.139] [settingssync] [info] Tasks: No changes found during synchronizing tasks.
[2022-08-03 20:37:15.144] [settingssync] [info] GlobalState: No changes found during synchronizing ui state.
[2022-08-03 20:37:15.225] [settingssync] [info] Extensions: No changes found during synchronizing extensions.
[2022-08-03 20:37:15.229] [settingssync] [info] Sync done. Took 121ms
[2022-08-03 20:42:15.230] [settingssync] [info] Auto Sync: Triggered by Interval
[2022-08-03 20:42:15.569] [settingssync] [info] Settings: No changes found during synchronizing settings.
[2022-08-03 20:42:15.579] [settingssync] [info] Keybindings: No changes found during synchronizing keybindings.
[2022-08-03 20:42:15.583] [settingssync] [info] Snippets: No changes found during synchronizing snippets.
[2022-08-03 20:42:15.586] [settingssync] [info] Tasks: No changes found during synchronizing tasks.
[2022-08-03 20:42:15.594] [settingssync] [info] GlobalState: No changes found during synchronizing ui state.
[2022-08-03 20:42:15.671] [settingssync] [info] Extensions: No changes found during synchronizing extensions.
[2022-08-03 20:42:15.673] [settingssync] [info] Sync done. Took 111ms
[2022-08-03 20:47:15.673] [settingssync] [info] Auto Sync: Triggered by Interval
[2022-08-03 20:47:15.977] [settingssync] [info] Settings: No changes found during synchronizing settings.
[2022-08-03 20:47:15.986] [settingssync] [info] Keybindings: No changes found during synchronizing keybindings.
[2022-08-03 20:47:15.990] [settingssync] [info] Snippets: No changes found during synchronizing snippets.
[2022-08-03 20:47:15.994] [settingssync] [info] Tasks: No changes found during synchronizing tasks.
[2022-08-03 20:47:16.001] [settingssync] [info] GlobalState: No changes found during synchronizing ui state.
[2022-08-03 20:47:16.080] [settingssync] [info] Extensions: No changes found during synchronizing extensions.
[2022-08-03 20:47:16.081] [settingssync] [info] Sync done. Took 114ms
[2022-08-03 20:52:16.082] [settingssync] [info] Auto Sync: Triggered by Interval
[2022-08-03 20:52:16.343] [settingssync] [info] Settings: No changes found during synchronizing settings.
[2022-08-03 20:52:16.350] [settingssync] [info] Keybindings: No changes found during synchronizing keybindings.
[2022-08-03 20:52:16.354] [settingssync] [info] Snippets: No changes found during synchronizing snippets.
[2022-08-03 20:52:16.357] [settingssync] [info] Tasks: No changes found during synchronizing tasks.
[2022-08-03 20:52:16.376] [settingssync] [info] GlobalState: No changes found during synchronizing ui state.
[2022-08-03 20:52:16.473] [settingssync] [info] Extensions: No changes found during synchronizing extensions.
[2022-08-03 20:52:16.475] [settingssync] [info] Sync done. Took 138ms
[2022-08-03 20:57:16.477] [settingssync] [info] Auto Sync: Triggered by Interval
[2022-08-03 20:57:16.844] [settingssync] [info] Settings: No changes found during synchronizing settings.
[2022-08-03 20:57:16.856] [settingssync] [info] Keybindings: No changes found during synchronizing keybindings.
[2022-08-03 20:57:16.861] [settingssync] [info] Snippets: No changes found during synchronizing snippets.
[2022-08-03 20:57:16.865] [settingssync] [info] Tasks: No changes found during synchronizing tasks.
[2022-08-03 20:57:16.872] [settingssync] [info] GlobalState: No changes found during synchronizing ui state.
[2022-08-03 20:57:16.949] [settingssync] [info] Extensions: No changes found during synchronizing extensions.
[2022-08-03 20:57:16.950] [settingssync] [info] Sync done. Took 134ms
