[2022-08-06T22:12:13.327Z] Log level: Info
[2022-08-06T22:12:13.327Z] [info] Validating found git in: git
[2022-08-06T22:12:13.414Z] [info] Using git 2.37.1 from git
[2022-08-06T22:12:13.459Z] > git rev-parse --show-toplevel [5ms]
[2022-08-06T22:12:13.486Z] > git rev-parse --git-dir --git-common-dir [1ms]
[2022-08-06T22:12:13.490Z] [info] Open repository: /home/tom/Code/TOP/battleship
[2022-08-06T22:12:13.503Z] > git status -z -uall [7ms]
[2022-08-06T22:12:13.527Z] > git symbolic-ref --short HEAD [1ms]
[2022-08-06T22:12:13.551Z] > git for-each-ref --format=%(refname)%00%(upstream:short)%00%(objectname)%00%(upstream:track)%00%(upstream:remotename)%00%(upstream:remoteref) refs/heads/main refs/remotes/main [15ms]
[2022-08-06T22:12:13.584Z] > git for-each-ref --sort -committerdate --format %(refname) %(objectname) %(*objectname) [18ms]
[2022-08-06T22:12:13.586Z] > git remote --verbose [3ms]
[2022-08-06T22:12:13.618Z] > git config --get commit.template [1ms]
[2022-08-06T22:12:13.644Z] > git status -z -uall [1ms]
[2022-08-06T22:12:13.667Z] > git symbolic-ref --short HEAD [14ms]
[2022-08-06T22:12:13.681Z] > git for-each-ref --format=%(refname)%00%(upstream:short)%00%(objectname)%00%(upstream:track)%00%(upstream:remotename)%00%(upstream:remoteref) refs/heads/main refs/remotes/main [5ms]
[2022-08-06T22:12:13.726Z] > git remote --verbose [6ms]
[2022-08-06T22:12:13.726Z] > git for-each-ref --sort -committerdate --format %(refname) %(objectname) %(*objectname) [40ms]
[2022-08-06T22:12:13.743Z] > git config --get commit.template [2ms]
[2022-08-06T22:12:14.975Z] > git show --textconv :src/gameLoop.js [133ms]
[2022-08-06T22:12:14.976Z] > git ls-files --stage -- /home/tom/Code/TOP/battleship/src/gameLoop.js [111ms]
[2022-08-06T22:12:15.020Z] > git check-ignore -v -z --stdin [49ms]
[2022-08-06T22:12:15.039Z] > git cat-file -s 9edcabbbeec49427e8a069a8463774c7e8475ef5 [20ms]
[2022-08-06T22:21:18.494Z] > git show --textconv :src/gameLoop.js [7ms]
[2022-08-06T22:21:18.496Z] > git ls-files --stage -- /home/tom/Code/TOP/battleship/src/gameLoop.js [3ms]
[2022-08-06T22:21:18.504Z] > git cat-file -s 9edcabbbeec49427e8a069a8463774c7e8475ef5 [2ms]
[2022-08-06T22:26:17.096Z] > git show --textconv :src/gameLoop.js [8ms]
[2022-08-06T22:26:17.096Z] > git ls-files --stage -- /home/tom/Code/TOP/battleship/src/gameLoop.js [1ms]
[2022-08-06T22:26:17.106Z] > git cat-file -s 9edcabbbeec49427e8a069a8463774c7e8475ef5 [4ms]
[2022-08-06T22:26:34.833Z] > git show --textconv :src/gameLoop.js [7ms]
[2022-08-06T22:26:34.834Z] > git ls-files --stage -- /home/tom/Code/TOP/battleship/src/gameLoop.js [3ms]
[2022-08-06T22:26:34.845Z] > git cat-file -s 9edcabbbeec49427e8a069a8463774c7e8475ef5 [4ms]
[2022-08-06T22:28:00.206Z] > git show --textconv :src/gameLoop.js [8ms]
[2022-08-06T22:28:00.206Z] > git ls-files --stage -- /home/tom/Code/TOP/battleship/src/gameLoop.js [1ms]
[2022-08-06T22:28:00.216Z] > git cat-file -s 9edcabbbeec49427e8a069a8463774c7e8475ef5 [3ms]
