[2022-08-06 23:57:09.744] [main] [info] update#setState idle
[2022-08-06 23:57:11.269] [main] [info] Starting extension host with pid 1852 (fork() took 9 ms).
[2022-08-06 23:57:17.313] [main] [info] Enabling inspect port on extension host with pid 1852.
[2022-08-06 23:57:39.748] [main] [info] update#setState checking for updates
[2022-08-06 23:57:39.850] [main] [info] update#setState idle
[2022-08-07 00:57:39.847] [main] [info] update#setState checking for updates
[2022-08-07 00:57:40.311] [main] [info] update#setState idle
[2022-08-07 01:57:39.947] [main] [info] update#setState checking for updates
[2022-08-07 01:57:40.466] [main] [info] update#setState idle
[2022-08-07 02:57:40.050] [main] [info] update#setState checking for updates
[2022-08-07 02:57:40.463] [main] [info] update#setState idle
[2022-08-07 03:57:40.150] [main] [info] update#setState checking for updates
[2022-08-07 03:57:40.582] [main] [info] update#setState idle
[2022-08-07 04:57:40.253] [main] [info] update#setState checking for updates
[2022-08-07 04:57:40.749] [main] [info] update#setState idle
[2022-08-07 05:57:40.356] [main] [info] update#setState checking for updates
[2022-08-07 05:57:40.836] [main] [info] update#setState idle
[2022-08-07 06:57:40.457] [main] [info] update#setState checking for updates
[2022-08-07 06:57:40.828] [main] [info] update#setState idle
[2022-08-07 07:57:40.558] [main] [info] update#setState checking for updates
[2022-08-07 07:57:41.030] [main] [info] update#setState idle
[2022-08-07 08:45:23.986] [main] [info] Extension host with pid 1852 exited with code: 0, signal: null.
[2022-08-07 08:45:25.053] [main] [info] Starting extension host with pid 8661 (fork() took 21 ms).
[2022-08-07 08:50:23.029] [main] [info] Extension host with pid 8661 exited with code: 0, signal: null.
[2022-08-07 08:50:24.056] [main] [info] Starting extension host with pid 9045 (fork() took 18 ms).
[2022-08-07 08:57:40.658] [main] [info] update#setState checking for updates
[2022-08-07 08:57:41.099] [main] [info] update#setState idle
[2022-08-07 09:34:43.504] [main] [info] Extension host with pid 9045 exited with code: 0, signal: null.
[2022-08-07 09:34:44.819] [main] [info] Starting extension host with pid 11884 (fork() took 16 ms).
[2022-08-07 09:35:51.628] [main] [info] Extension host with pid 11884 exited with code: 0, signal: null.
[2022-08-07 09:35:52.825] [main] [info] Starting extension host with pid 12074 (fork() took 15 ms).
[2022-08-07 09:57:40.660] [main] [info] update#setState checking for updates
[2022-08-07 09:57:41.146] [main] [info] update#setState idle
