[2022-08-06T20:30:50.339Z] Log level: Info
[2022-08-06T20:30:50.342Z] [info] Validating found git in: git
[2022-08-06T20:30:50.357Z] [info] Using git 2.37.1 from git
[2022-08-06T20:30:50.373Z] > git rev-parse --show-toplevel [5ms]
[2022-08-06T20:30:50.384Z] > git rev-parse --git-dir --git-common-dir [6ms]
[2022-08-06T20:30:50.387Z] [info] Open repository: /home/tom/Code/TOP/battleship
[2022-08-06T20:30:50.607Z] > git status -z -uall [215ms]
[2022-08-06T20:30:50.614Z] > git symbolic-ref --short HEAD [2ms]
[2022-08-06T20:30:50.620Z] > git for-each-ref --format=%(refname)%00%(upstream:short)%00%(objectname)%00%(upstream:track)%00%(upstream:remotename)%00%(upstream:remoteref) refs/heads/main refs/remotes/main [2ms]
[2022-08-06T20:30:50.653Z] > git remote --verbose [22ms]
[2022-08-06T20:30:50.653Z] > git for-each-ref --sort -committerdate --format %(refname) %(objectname) %(*objectname) [29ms]
[2022-08-06T20:30:50.664Z] > git config --get commit.template [4ms]
[2022-08-06T20:30:50.671Z] > git status -z -uall [2ms]
[2022-08-06T20:30:50.682Z] > git symbolic-ref --short HEAD [4ms]
[2022-08-06T20:30:50.689Z] > git for-each-ref --format=%(refname)%00%(upstream:short)%00%(objectname)%00%(upstream:track)%00%(upstream:remotename)%00%(upstream:remoteref) refs/heads/main refs/remotes/main [2ms]
[2022-08-06T20:30:50.713Z] > git for-each-ref --sort -committerdate --format %(refname) %(objectname) %(*objectname) [17ms]
[2022-08-06T20:30:50.714Z] > git remote --verbose [12ms]
[2022-08-06T20:30:50.724Z] > git config --get commit.template [1ms]
[2022-08-06T20:30:50.900Z] > git check-ignore -v -z --stdin [1ms]
[2022-08-06T20:30:56.840Z] > git show --textconv :src/gameLoop.js [25ms]
[2022-08-06T20:30:56.848Z] > git ls-files --stage -- /home/tom/Code/TOP/battleship/src/gameLoop.js [8ms]
[2022-08-06T20:30:56.859Z] > git cat-file -s 9edcabbbeec49427e8a069a8463774c7e8475ef5 [5ms]
[2022-08-06T20:43:45.436Z] > git check-ignore -v -z --stdin [3ms]
[2022-08-06T20:43:46.204Z] > git show --textconv :dist/index.html [5ms]
[2022-08-06T20:43:46.205Z] > git ls-files --stage -- /home/tom/Code/TOP/battleship/dist/index.html [2ms]
[2022-08-06T20:43:46.211Z] > git cat-file -s a0325ac1fcd1bb8218df3c8e9ea9a1743c99a4df [2ms]
[2022-08-06T20:44:36.001Z] > git show --textconv :src/gameLoop.js [6ms]
[2022-08-06T20:44:36.001Z] > git ls-files --stage -- /home/tom/Code/TOP/battleship/src/gameLoop.js [1ms]
[2022-08-06T20:44:36.009Z] > git cat-file -s 9edcabbbeec49427e8a069a8463774c7e8475ef5 [3ms]
[2022-08-06T20:45:57.553Z] > git show --textconv :src/gameLoop.js [6ms]
[2022-08-06T20:45:57.555Z] > git ls-files --stage -- /home/tom/Code/TOP/battleship/src/gameLoop.js [3ms]
[2022-08-06T20:45:57.563Z] > git cat-file -s 9edcabbbeec49427e8a069a8463774c7e8475ef5 [1ms]
