[2022-08-03T20:57:05.663Z] Log level: Info
[2022-08-03T20:57:05.665Z] [info] Validating found git in: git
[2022-08-03T20:57:05.698Z] [info] Using git 2.37.1 from git
[2022-08-03T20:57:05.711Z] > git rev-parse --show-toplevel [3ms]
[2022-08-03T20:57:05.721Z] > git rev-parse --git-dir --git-common-dir [3ms]
[2022-08-03T20:57:05.730Z] [info] Open repository: /home/tom/Code/TOP/battleship
[2022-08-03T20:57:05.775Z] > git status -z -uall [27ms]
[2022-08-03T20:57:05.788Z] > git symbolic-ref --short HEAD [2ms]
[2022-08-03T20:57:06.123Z] > git for-each-ref --format=%(refname)%00%(upstream:short)%00%(objectname)%00%(upstream:track)%00%(upstream:remotename)%00%(upstream:remoteref) refs/heads/main refs/remotes/main [320ms]
[2022-08-03T20:57:06.135Z] > git for-each-ref --sort -committerdate --format %(refname) %(objectname) %(*objectname) [6ms]
[2022-08-03T20:57:06.137Z] > git remote --verbose [4ms]
[2022-08-03T20:57:06.145Z] > git config --get commit.template [1ms]
[2022-08-03T20:57:06.156Z] > git status -z -uall [4ms]
[2022-08-03T20:57:06.161Z] > git symbolic-ref --short HEAD [1ms]
[2022-08-03T20:57:06.167Z] > git for-each-ref --format=%(refname)%00%(upstream:short)%00%(objectname)%00%(upstream:track)%00%(upstream:remotename)%00%(upstream:remoteref) refs/heads/main refs/remotes/main [2ms]
[2022-08-03T20:57:06.183Z] > git for-each-ref --sort -committerdate --format %(refname) %(objectname) %(*objectname) [6ms]
[2022-08-03T20:57:06.184Z] > git remote --verbose [2ms]
[2022-08-03T20:57:06.191Z] > git config --get commit.template [1ms]
[2022-08-03T20:57:06.363Z] > git check-ignore -v -z --stdin [27ms]
[2022-08-03T20:57:06.985Z] > git show --textconv :src/gameLoop.js [36ms]
[2022-08-03T20:57:06.985Z] > git ls-files --stage -- /home/tom/Code/TOP/battleship/src/gameLoop.js [24ms]
[2022-08-03T20:57:07.018Z] > git cat-file -s 9edcabbbeec49427e8a069a8463774c7e8475ef5 [2ms]
