[2022-08-03T21:20:15.562Z] Log level: Info
[2022-08-03T21:20:15.564Z] [info] Validating found git in: git
[2022-08-03T21:20:15.607Z] [info] Using git 2.37.1 from git
[2022-08-03T21:20:15.621Z] > git rev-parse --show-toplevel [6ms]
[2022-08-03T21:20:15.629Z] > git rev-parse --git-dir --git-common-dir [1ms]
[2022-08-03T21:20:15.638Z] [info] Open repository: /home/tom/Code/TOP/battleship
[2022-08-03T21:20:15.654Z] > git status -z -uall [10ms]
[2022-08-03T21:20:15.671Z] > git symbolic-ref --short HEAD [5ms]
[2022-08-03T21:20:15.691Z] > git for-each-ref --format=%(refname)%00%(upstream:short)%00%(objectname)%00%(upstream:track)%00%(upstream:remotename)%00%(upstream:remoteref) refs/heads/main refs/remotes/main [5ms]
[2022-08-03T21:20:15.808Z] > git for-each-ref --sort -committerdate --format %(refname) %(objectname) %(*objectname) [103ms]
[2022-08-03T21:20:15.814Z] > git remote --verbose [84ms]
[2022-08-03T21:20:16.104Z] > git config --get commit.template [7ms]
[2022-08-03T21:20:16.115Z] > git status -z -uall [5ms]
[2022-08-03T21:20:16.124Z] > git symbolic-ref --short HEAD [1ms]
[2022-08-03T21:20:16.131Z] > git for-each-ref --format=%(refname)%00%(upstream:short)%00%(objectname)%00%(upstream:track)%00%(upstream:remotename)%00%(upstream:remoteref) refs/heads/main refs/remotes/main [2ms]
[2022-08-03T21:20:16.275Z] > git for-each-ref --sort -committerdate --format %(refname) %(objectname) %(*objectname) [137ms]
[2022-08-03T21:20:16.276Z] > git remote --verbose [119ms]
[2022-08-03T21:20:16.358Z] > git config --get commit.template [36ms]
[2022-08-03T21:20:16.363Z] > git check-ignore -v -z --stdin [7ms]
[2022-08-03T21:20:16.920Z] > git show --textconv :src/gameLoop.js [32ms]
[2022-08-03T21:20:16.921Z] > git ls-files --stage -- /home/tom/Code/TOP/battleship/src/gameLoop.js [10ms]
[2022-08-03T21:20:16.945Z] > git cat-file -s 9edcabbbeec49427e8a069a8463774c7e8475ef5 [2ms]
[2022-08-03T21:35:59.073Z] > git show --textconv :src/gameLoop.js [7ms]
[2022-08-03T21:35:59.074Z] > git ls-files --stage -- /home/tom/Code/TOP/battleship/src/gameLoop.js [2ms]
[2022-08-03T21:35:59.082Z] > git cat-file -s 9edcabbbeec49427e8a069a8463774c7e8475ef5 [1ms]
[2022-08-03T21:38:55.710Z] > git show --textconv :src/gameLoop.js [8ms]
[2022-08-03T21:38:55.711Z] > git ls-files --stage -- /home/tom/Code/TOP/battleship/src/gameLoop.js [3ms]
[2022-08-03T21:38:55.716Z] > git cat-file -s 9edcabbbeec49427e8a069a8463774c7e8475ef5 [1ms]
[2022-08-03T22:22:00.454Z] > git status -z -uall [1ms]
[2022-08-03T22:22:00.464Z] > git symbolic-ref --short HEAD [6ms]
[2022-08-03T22:22:00.468Z] > git ls-files --stage -- /home/tom/Code/TOP/battleship/src/gameLoop.js [5ms]
[2022-08-03T22:22:00.472Z] > git for-each-ref --format=%(refname)%00%(upstream:short)%00%(objectname)%00%(upstream:track)%00%(upstream:remotename)%00%(upstream:remoteref) refs/heads/main refs/remotes/main [4ms]
[2022-08-03T22:22:00.481Z] > git remote --verbose [2ms]
[2022-08-03T22:22:00.481Z] > git for-each-ref --sort -committerdate --format %(refname) %(objectname) %(*objectname) [5ms]
[2022-08-03T22:22:00.483Z] > git cat-file -s 9edcabbbeec49427e8a069a8463774c7e8475ef5 [11ms]
[2022-08-03T22:22:00.494Z] > git config --get commit.template [6ms]
[2022-08-03T22:22:00.495Z] > git show --textconv :src/gameLoop.js [2ms]
[2022-08-03T22:22:05.512Z] > git status -z -uall [4ms]
[2022-08-03T22:22:05.527Z] > git symbolic-ref --short HEAD [3ms]
[2022-08-03T22:22:05.542Z] > git for-each-ref --format=%(refname)%00%(upstream:short)%00%(objectname)%00%(upstream:track)%00%(upstream:remotename)%00%(upstream:remoteref) refs/heads/main refs/remotes/main [4ms]
[2022-08-03T22:22:05.566Z] > git for-each-ref --sort -committerdate --format %(refname) %(objectname) %(*objectname) [13ms]
[2022-08-03T22:22:05.567Z] > git remote --verbose [3ms]
[2022-08-03T22:22:05.579Z] > git config --get commit.template [1ms]
