[Info  - 21:20:16.162] Reading sessions from keychain...
[Info  - 21:20:16.362] Getting sessions for user:email...
[Info  - 21:20:16.388] Got 0 sessions for user:email...
[Info  - 21:20:16.944] Getting sessions for all scopes...
[Info  - 21:20:16.944] Got 0 sessions for ...
[Info  - 21:36:44.494] Getting sessions for all scopes...
[Info  - 21:36:44.495] Got 0 sessions for ...
[Info  - 21:36:46.125] Getting sessions for user:email...
[Info  - 21:36:46.125] Got 0 sessions for user:email...
[Info  - 21:36:47.687] Logging in for the following scopes: user:email
[Info  - 21:36:47.702] Trying without local server... (user:email)
[Trace  - 21:36:49.12] Handling Uri...
[Info  - 21:36:49.12] Exchanging code for token...
[Info  - 21:36:49.939] Token exchange success!
[Info  - 21:36:49.940] Getting user info...
[Info  - 21:36:50.286] Got account info!
[Info  - 21:36:50.287] Storing 1 sessions...
[Error  - 21:36:50.355] Setting token failed: Error: GDBus.Error:org.freedesktop.DBus.Error.ServiceUnknown: The name org.freedesktop.secrets was not provided by any .service files
[Info  - 21:36:50.355] Stored 1 sessions!
[Info  - 21:36:50.356] Login success!
[Info  - 21:36:50.367] Getting sessions for user:email...
[Info  - 21:36:50.367] Getting sessions for user:email...
[Info  - 21:36:50.367] Got 1 sessions for user:email...
[Info  - 21:36:50.367] Got 1 sessions for user:email...
