[2022-08-07T13:35:55.213Z] Log level: Info
[2022-08-07T13:35:55.214Z] [info] Validating found git in: git
[2022-08-07T13:35:55.268Z] [info] Using git 2.37.1 from git
[2022-08-07T13:35:55.292Z] > git rev-parse --show-toplevel [4ms]
[2022-08-07T13:35:55.310Z] > git rev-parse --git-dir --git-common-dir [2ms]
[2022-08-07T13:35:55.316Z] [info] Open repository: /home/tom/Code/TOP/battleship
[2022-08-07T13:35:56.467Z] > git status -z -uall [1138ms]
[2022-08-07T13:35:56.541Z] > git symbolic-ref --short HEAD [54ms]
[2022-08-07T13:35:56.766Z] > git for-each-ref --format=%(refname)%00%(upstream:short)%00%(objectname)%00%(upstream:track)%00%(upstream:remotename)%00%(upstream:remoteref) refs/heads/main refs/remotes/main [214ms]
[2022-08-07T13:35:56.795Z] > git for-each-ref --sort -committerdate --format %(refname) %(objectname) %(*objectname) [20ms]
[2022-08-07T13:35:56.826Z] > git remote --verbose [40ms]
[2022-08-07T13:35:56.849Z] > git config --get commit.template [6ms]
[2022-08-07T13:35:56.888Z] > git status -z -uall [27ms]
[2022-08-07T13:35:56.918Z] > git symbolic-ref --short HEAD [1ms]
[2022-08-07T13:35:56.959Z] > git for-each-ref --format=%(refname)%00%(upstream:short)%00%(objectname)%00%(upstream:track)%00%(upstream:remotename)%00%(upstream:remoteref) refs/heads/main refs/remotes/main [6ms]
[2022-08-07T13:35:57.055Z] > git remote --verbose [32ms]
[2022-08-07T13:35:57.055Z] > git for-each-ref --sort -committerdate --format %(refname) %(objectname) %(*objectname) [64ms]
[2022-08-07T13:35:57.075Z] > git check-ignore -v -z --stdin [35ms]
[2022-08-07T13:35:57.079Z] > git config --get commit.template [5ms]
[2022-08-07T13:35:59.546Z] > git show --textconv :src/tests/gameboardFactory.test.js [20ms]
[2022-08-07T13:35:59.546Z] > git ls-files --stage -- /home/tom/Code/TOP/battleship/src/tests/gameboardFactory.test.js [1ms]
[2022-08-07T13:35:59.575Z] > git cat-file -s c514b85064156bde5d072b767decf3cdff5cf459 [2ms]
[2022-08-07T13:36:02.747Z] > git show --textconv :src/tests/gameboardFactory.test.js [16ms]
[2022-08-07T13:36:02.750Z] > git ls-files --stage -- /home/tom/Code/TOP/battleship/src/tests/gameboardFactory.test.js [6ms]
[2022-08-07T13:36:02.766Z] > git cat-file -s c514b85064156bde5d072b767decf3cdff5cf459 [1ms]
[2022-08-07T13:36:17.905Z] > git status -z -uall [1ms]
[2022-08-07T13:36:17.916Z] > git symbolic-ref --short HEAD [2ms]
[2022-08-07T13:36:17.927Z] > git for-each-ref --format=%(refname)%00%(upstream:short)%00%(objectname)%00%(upstream:track)%00%(upstream:remotename)%00%(upstream:remoteref) refs/heads/main refs/remotes/main [4ms]
[2022-08-07T13:36:17.944Z] > git remote --verbose [1ms]
[2022-08-07T13:36:17.945Z] > git for-each-ref --sort -committerdate --format %(refname) %(objectname) %(*objectname) [10ms]
[2022-08-07T13:36:17.955Z] > git config --get commit.template [1ms]
[2022-08-07T13:36:22.965Z] > git status -z -uall [1ms]
[2022-08-07T13:36:22.976Z] > git symbolic-ref --short HEAD [2ms]
[2022-08-07T13:36:22.987Z] > git for-each-ref --format=%(refname)%00%(upstream:short)%00%(objectname)%00%(upstream:track)%00%(upstream:remotename)%00%(upstream:remoteref) refs/heads/main refs/remotes/main [4ms]
[2022-08-07T13:36:23.004Z] > git for-each-ref --sort -committerdate --format %(refname) %(objectname) %(*objectname) [9ms]
[2022-08-07T13:36:23.005Z] > git remote --verbose [2ms]
[2022-08-07T13:36:23.016Z] > git config --get commit.template [1ms]
[2022-08-07T13:36:38.730Z] > git status -z -uall [2ms]
[2022-08-07T13:36:38.739Z] > git symbolic-ref --short HEAD [1ms]
[2022-08-07T13:36:38.747Z] > git for-each-ref --format=%(refname)%00%(upstream:short)%00%(objectname)%00%(upstream:track)%00%(upstream:remotename)%00%(upstream:remoteref) refs/heads/main refs/remotes/main [1ms]
[2022-08-07T13:36:38.762Z] > git for-each-ref --sort -committerdate --format %(refname) %(objectname) %(*objectname) [8ms]
[2022-08-07T13:36:38.763Z] > git remote --verbose [2ms]
[2022-08-07T13:36:38.779Z] > git config --get commit.template [5ms]
[2022-08-07T13:36:55.040Z] > git status -z -uall [1ms]
[2022-08-07T13:36:55.050Z] > git symbolic-ref --short HEAD [2ms]
[2022-08-07T13:36:55.058Z] > git for-each-ref --format=%(refname)%00%(upstream:short)%00%(objectname)%00%(upstream:track)%00%(upstream:remotename)%00%(upstream:remoteref) refs/heads/main refs/remotes/main [2ms]
[2022-08-07T13:36:55.074Z] > git remote --verbose [1ms]
[2022-08-07T13:36:55.075Z] > git for-each-ref --sort -committerdate --format %(refname) %(objectname) %(*objectname) [9ms]
[2022-08-07T13:36:55.088Z] > git config --get commit.template [1ms]
[2022-08-07T13:37:01.468Z] > git status -z -uall [4ms]
[2022-08-07T13:37:01.477Z] > git symbolic-ref --short HEAD [3ms]
[2022-08-07T13:37:01.485Z] > git for-each-ref --format=%(refname)%00%(upstream:short)%00%(objectname)%00%(upstream:track)%00%(upstream:remotename)%00%(upstream:remoteref) refs/heads/main refs/remotes/main [1ms]
[2022-08-07T13:37:01.501Z] > git remote --verbose [1ms]
[2022-08-07T13:37:01.501Z] > git for-each-ref --sort -committerdate --format %(refname) %(objectname) %(*objectname) [8ms]
[2022-08-07T13:37:01.513Z] > git config --get commit.template [1ms]
[2022-08-07T13:38:00.510Z] > git check-ignore -v -z --stdin [1ms]
[2022-08-07T13:38:17.856Z] > git show --textconv :src/shipFactory.js [9ms]
[2022-08-07T13:38:17.858Z] > git ls-files --stage -- /home/tom/Code/TOP/battleship/src/shipFactory.js [2ms]
[2022-08-07T13:38:17.866Z] > git cat-file -s 80a620bc2657e03cf901f5a18de601163af76fb2 [2ms]
[2022-08-07T13:43:13.775Z] > git status -z -uall [2ms]
[2022-08-07T13:43:13.784Z] > git symbolic-ref --short HEAD [1ms]
[2022-08-07T13:43:13.791Z] > git for-each-ref --format=%(refname)%00%(upstream:short)%00%(objectname)%00%(upstream:track)%00%(upstream:remotename)%00%(upstream:remoteref) refs/heads/main refs/remotes/main [1ms]
[2022-08-07T13:43:13.804Z] > git remote --verbose [0ms]
[2022-08-07T13:43:13.805Z] > git for-each-ref --sort -committerdate --format %(refname) %(objectname) %(*objectname) [7ms]
[2022-08-07T13:43:13.814Z] > git config --get commit.template [2ms]
[2022-08-07T13:43:36.315Z] > git status -z -uall [2ms]
[2022-08-07T13:43:36.324Z] > git symbolic-ref --short HEAD [1ms]
[2022-08-07T13:43:36.334Z] > git for-each-ref --format=%(refname)%00%(upstream:short)%00%(objectname)%00%(upstream:track)%00%(upstream:remotename)%00%(upstream:remoteref) refs/heads/main refs/remotes/main [3ms]
[2022-08-07T13:43:36.349Z] > git for-each-ref --sort -committerdate --format %(refname) %(objectname) %(*objectname) [9ms]
[2022-08-07T13:43:36.350Z] > git remote --verbose [1ms]
[2022-08-07T13:43:36.360Z] > git config --get commit.template [3ms]
[2022-08-07T13:44:48.819Z] > git show --textconv :src/shipFactory.js [7ms]
[2022-08-07T13:44:48.820Z] > git ls-files --stage -- /home/tom/Code/TOP/battleship/src/shipFactory.js [1ms]
[2022-08-07T13:44:48.830Z] > git cat-file -s 80a620bc2657e03cf901f5a18de601163af76fb2 [1ms]
[2022-08-07T13:45:30.658Z] > git status -z -uall [2ms]
[2022-08-07T13:45:30.667Z] > git symbolic-ref --short HEAD [3ms]
[2022-08-07T13:45:30.677Z] > git for-each-ref --format=%(refname)%00%(upstream:short)%00%(objectname)%00%(upstream:track)%00%(upstream:remotename)%00%(upstream:remoteref) refs/heads/main refs/remotes/main [0ms]
[2022-08-07T13:45:30.691Z] > git for-each-ref --sort -committerdate --format %(refname) %(objectname) %(*objectname) [8ms]
[2022-08-07T13:45:30.691Z] > git remote --verbose [1ms]
[2022-08-07T13:45:30.700Z] > git config --get commit.template [1ms]
[2022-08-07T13:45:40.499Z] > git status -z -uall [1ms]
[2022-08-07T13:45:40.507Z] > git symbolic-ref --short HEAD [1ms]
[2022-08-07T13:45:40.516Z] > git for-each-ref --format=%(refname)%00%(upstream:short)%00%(objectname)%00%(upstream:track)%00%(upstream:remotename)%00%(upstream:remoteref) refs/heads/main refs/remotes/main [1ms]
[2022-08-07T13:45:40.539Z] > git remote --verbose [1ms]
[2022-08-07T13:45:40.539Z] > git for-each-ref --sort -committerdate --format %(refname) %(objectname) %(*objectname) [12ms]
[2022-08-07T13:45:40.554Z] > git config --get commit.template [0ms]
[2022-08-07T13:45:48.114Z] > git status -z -uall [1ms]
[2022-08-07T13:45:48.123Z] > git symbolic-ref --short HEAD [1ms]
[2022-08-07T13:45:48.132Z] > git for-each-ref --format=%(refname)%00%(upstream:short)%00%(objectname)%00%(upstream:track)%00%(upstream:remotename)%00%(upstream:remoteref) refs/heads/main refs/remotes/main [2ms]
[2022-08-07T13:45:48.148Z] > git for-each-ref --sort -committerdate --format %(refname) %(objectname) %(*objectname) [8ms]
[2022-08-07T13:45:48.148Z] > git remote --verbose [1ms]
[2022-08-07T13:45:48.160Z] > git config --get commit.template [1ms]
[2022-08-07T13:46:40.935Z] > git show --textconv :src/shipFactory.js [8ms]
[2022-08-07T13:46:40.937Z] > git ls-files --stage -- /home/tom/Code/TOP/battleship/src/shipFactory.js [2ms]
[2022-08-07T13:46:40.945Z] > git cat-file -s 80a620bc2657e03cf901f5a18de601163af76fb2 [1ms]
[2022-08-07T13:46:49.368Z] > git status -z -uall [1ms]
[2022-08-07T13:46:49.376Z] > git symbolic-ref --short HEAD [0ms]
[2022-08-07T13:46:49.386Z] > git for-each-ref --format=%(refname)%00%(upstream:short)%00%(objectname)%00%(upstream:track)%00%(upstream:remotename)%00%(upstream:remoteref) refs/heads/main refs/remotes/main [3ms]
[2022-08-07T13:46:49.402Z] > git for-each-ref --sort -committerdate --format %(refname) %(objectname) %(*objectname) [9ms]
[2022-08-07T13:46:49.402Z] > git remote --verbose [3ms]
[2022-08-07T13:46:49.411Z] > git config --get commit.template [1ms]
[2022-08-07T13:46:52.914Z] > git show --textconv :src/tests/gameboardFactory.test.js [10ms]
[2022-08-07T13:46:52.915Z] > git ls-files --stage -- /home/tom/Code/TOP/battleship/src/tests/gameboardFactory.test.js [3ms]
[2022-08-07T13:46:52.923Z] > git cat-file -s c514b85064156bde5d072b767decf3cdff5cf459 [2ms]
[2022-08-07T13:47:04.531Z] > git show --textconv :src/shipFactory.js [12ms]
[2022-08-07T13:47:04.531Z] > git ls-files --stage -- /home/tom/Code/TOP/battleship/src/shipFactory.js [0ms]
[2022-08-07T13:47:04.548Z] > git cat-file -s 80a620bc2657e03cf901f5a18de601163af76fb2 [4ms]
[2022-08-07T13:47:05.698Z] > git show --textconv :src/tests/gameboardFactory.test.js [8ms]
[2022-08-07T13:47:05.699Z] > git ls-files --stage -- /home/tom/Code/TOP/battleship/src/tests/gameboardFactory.test.js [1ms]
[2022-08-07T13:47:05.713Z] > git cat-file -s c514b85064156bde5d072b767decf3cdff5cf459 [3ms]
[2022-08-07T13:47:09.305Z] > git show --textconv :src/gameLoop.js [11ms]
[2022-08-07T13:47:09.315Z] > git ls-files --stage -- /home/tom/Code/TOP/battleship/src/gameLoop.js [10ms]
[2022-08-07T13:47:09.335Z] > git cat-file -s 9edcabbbeec49427e8a069a8463774c7e8475ef5 [6ms]
[2022-08-07T13:47:16.261Z] > git show --textconv :src/shipFactory.js [7ms]
[2022-08-07T13:47:16.262Z] > git ls-files --stage -- /home/tom/Code/TOP/battleship/src/shipFactory.js [1ms]
[2022-08-07T13:47:16.274Z] > git cat-file -s 80a620bc2657e03cf901f5a18de601163af76fb2 [3ms]
[2022-08-07T13:48:27.687Z] > git show --textconv :src/tests/gameboardFactory.test.js [8ms]
[2022-08-07T13:48:27.693Z] > git ls-files --stage -- /home/tom/Code/TOP/battleship/src/tests/gameboardFactory.test.js [7ms]
[2022-08-07T13:48:27.704Z] > git cat-file -s c514b85064156bde5d072b767decf3cdff5cf459 [2ms]
[2022-08-07T13:48:29.440Z] > git show --textconv :src/shipFactory.js [8ms]
[2022-08-07T13:48:29.441Z] > git ls-files --stage -- /home/tom/Code/TOP/battleship/src/shipFactory.js [1ms]
[2022-08-07T13:48:29.450Z] > git cat-file -s 80a620bc2657e03cf901f5a18de601163af76fb2 [2ms]
[2022-08-07T13:48:37.861Z] > git show --textconv :src/gameboardFactory.js [13ms]
[2022-08-07T13:48:37.864Z] > git ls-files --stage -- /home/tom/Code/TOP/battleship/src/gameboardFactory.js [4ms]
[2022-08-07T13:48:37.875Z] > git cat-file -s b8adaa2a575f00d6085e32ecc6d7a641375d0751 [4ms]
[2022-08-07T13:48:59.779Z] > git show --textconv :src/shipFactory.js [7ms]
[2022-08-07T13:48:59.781Z] > git ls-files --stage -- /home/tom/Code/TOP/battleship/src/shipFactory.js [2ms]
[2022-08-07T13:48:59.788Z] > git cat-file -s 80a620bc2657e03cf901f5a18de601163af76fb2 [1ms]
[2022-08-07T13:49:15.336Z] > git status -z -uall [1ms]
[2022-08-07T13:49:15.346Z] > git symbolic-ref --short HEAD [2ms]
[2022-08-07T13:49:15.354Z] > git for-each-ref --format=%(refname)%00%(upstream:short)%00%(objectname)%00%(upstream:track)%00%(upstream:remotename)%00%(upstream:remoteref) refs/heads/main refs/remotes/main [1ms]
[2022-08-07T13:49:15.370Z] > git for-each-ref --sort -committerdate --format %(refname) %(objectname) %(*objectname) [7ms]
[2022-08-07T13:49:15.370Z] > git remote --verbose [1ms]
[2022-08-07T13:49:15.381Z] > git config --get commit.template [0ms]
[2022-08-07T13:49:25.084Z] > git status -z -uall [0ms]
[2022-08-07T13:49:25.092Z] > git symbolic-ref --short HEAD [1ms]
[2022-08-07T13:49:25.100Z] > git for-each-ref --format=%(refname)%00%(upstream:short)%00%(objectname)%00%(upstream:track)%00%(upstream:remotename)%00%(upstream:remoteref) refs/heads/main refs/remotes/main [1ms]
[2022-08-07T13:49:25.115Z] > git for-each-ref --sort -committerdate --format %(refname) %(objectname) %(*objectname) [7ms]
[2022-08-07T13:49:25.115Z] > git remote --verbose [1ms]
[2022-08-07T13:49:25.127Z] > git config --get commit.template [1ms]
[2022-08-07T13:49:30.135Z] > git status -z -uall [1ms]
[2022-08-07T13:49:30.145Z] > git symbolic-ref --short HEAD [2ms]
[2022-08-07T13:49:30.154Z] > git for-each-ref --format=%(refname)%00%(upstream:short)%00%(objectname)%00%(upstream:track)%00%(upstream:remotename)%00%(upstream:remoteref) refs/heads/main refs/remotes/main [1ms]
[2022-08-07T13:49:30.170Z] > git for-each-ref --sort -committerdate --format %(refname) %(objectname) %(*objectname) [6ms]
[2022-08-07T13:49:30.171Z] > git remote --verbose [1ms]
[2022-08-07T13:49:30.186Z] > git config --get commit.template [0ms]
[2022-08-07T13:49:37.107Z] > git show --textconv :src/gameLoop.js [9ms]
[2022-08-07T13:49:37.107Z] > git ls-files --stage -- /home/tom/Code/TOP/battleship/src/gameLoop.js [0ms]
[2022-08-07T13:49:37.116Z] > git cat-file -s 9edcabbbeec49427e8a069a8463774c7e8475ef5 [2ms]
[2022-08-07T13:49:45.289Z] > git show --textconv :src/shipFactory.js [11ms]
[2022-08-07T13:49:45.289Z] > git ls-files --stage -- /home/tom/Code/TOP/battleship/src/shipFactory.js [2ms]
[2022-08-07T13:49:45.299Z] > git cat-file -s 80a620bc2657e03cf901f5a18de601163af76fb2 [1ms]
