["INFO" - 9:35:56 AM] Extension Name: esbenp.prettier-vscode.
["INFO" - 9:35:56 AM] Extension Version: 9.5.0.
["INFO" - 9:43:11 AM] Formatting file:///home/tom/Code/TOP/battleship/src/shipFactory.js
["INFO" - 9:43:11 AM] Using ignore file (if present) at /home/tom/Code/TOP/battleship/.prettierignore
["INFO" - 9:43:11 AM] File Info:
{
  "ignored": false,
  "inferredParser": "babel"
}
["INFO" - 9:43:11 AM] No local configuration (i.e. .prettierrc or .editorconfig) detected, falling back to VS Code configuration
["INFO" - 9:43:11 AM] Prettier Options:
{
  "arrowParens": "always",
  "bracketSpacing": true,
  "endOfLine": "lf",
  "htmlWhitespaceSensitivity": "css",
  "insertPragma": false,
  "jsxBracketSameLine": false,
  "jsxSingleQuote": false,
  "printWidth": 80,
  "proseWrap": "preserve",
  "quoteProps": "as-needed",
  "requirePragma": false,
  "semi": true,
  "singleQuote": false,
  "tabWidth": 2,
  "trailingComma": "es5",
  "useTabs": false,
  "vueIndentScriptAndStyle": false,
  "filepath": "/home/tom/Code/TOP/battleship/src/shipFactory.js",
  "parser": "babel"
}
["INFO" - 9:43:11 AM] Formatting completed in 0.072ms.
["INFO" - 9:45:46 AM] Formatting file:///home/tom/Code/TOP/battleship/src/shipFactory.js
["INFO" - 9:45:46 AM] Using ignore file (if present) at /home/tom/Code/TOP/battleship/.prettierignore
["INFO" - 9:45:46 AM] File Info:
{
  "ignored": false,
  "inferredParser": "babel"
}
["INFO" - 9:45:46 AM] No local configuration (i.e. .prettierrc or .editorconfig) detected, falling back to VS Code configuration
["INFO" - 9:45:46 AM] Prettier Options:
{
  "arrowParens": "always",
  "bracketSpacing": true,
  "endOfLine": "lf",
  "htmlWhitespaceSensitivity": "css",
  "insertPragma": false,
  "jsxBracketSameLine": false,
  "jsxSingleQuote": false,
  "printWidth": 80,
  "proseWrap": "preserve",
  "quoteProps": "as-needed",
  "requirePragma": false,
  "semi": true,
  "singleQuote": false,
  "tabWidth": 2,
  "trailingComma": "es5",
  "useTabs": false,
  "vueIndentScriptAndStyle": false,
  "filepath": "/home/tom/Code/TOP/battleship/src/shipFactory.js",
  "parser": "babel"
}
["INFO" - 9:45:46 AM] Formatting completed in 0.019ms.
