[2022-08-06 16:46:19.760] [sharedprocess] [info] Starting worker process with pid 30141 (type: fileWatcher, window: 1).
[2022-08-06 17:02:45.819] [sharedprocess] [info] Getting Manifest... iocave.customize-ui
[2022-08-06 17:02:45.824] [sharedprocess] [info] Installing extension: iocave.customize-ui
[2022-08-06 17:02:46.012] [sharedprocess] [info] Getting Manifest... iocave.monkey-patch
[2022-08-06 17:02:46.321] [sharedprocess] [info] Installing extension: iocave.monkey-patch
[2022-08-06 17:02:47.211] [sharedprocess] [info] Downloaded extension: iocave.monkey-patch /home/tom/.config/Code/CachedExtensionVSIXs/iocave.monkey-patch-0.1.19
[2022-08-06 17:02:47.256] [sharedprocess] [info] Extracted extension to /home/tom/.vscode/extensions/.acdc126d-80ad-4374-8a0e-ec31e02ef0ed: iocave.monkey-patch
[2022-08-06 17:02:47.261] [sharedprocess] [info] Renamed to /home/tom/.vscode/extensions/iocave.monkey-patch-0.1.19
[2022-08-06 17:02:47.264] [sharedprocess] [info] Extracting completed. iocave.monkey-patch
[2022-08-06 17:02:47.681] [sharedprocess] [info] Downloaded extension: iocave.customize-ui /home/tom/.config/Code/CachedExtensionVSIXs/iocave.customize-ui-0.1.63
[2022-08-06 17:02:47.730] [sharedprocess] [info] Extracted extension to /home/tom/.vscode/extensions/.346bfaad-5b52-4b5c-8c9f-3d3794d25be3: iocave.customize-ui
[2022-08-06 17:02:47.736] [sharedprocess] [info] Renamed to /home/tom/.vscode/extensions/iocave.customize-ui-0.1.63
[2022-08-06 17:02:47.739] [sharedprocess] [info] Extracting completed. iocave.customize-ui
[2022-08-06 17:02:47.742] [sharedprocess] [info] Extension installed successfully: iocave.monkey-patch
[2022-08-06 17:02:47.742] [sharedprocess] [info] Extension installed successfully: iocave.customize-ui
[2022-08-06 17:04:36.933] [sharedprocess] [info] Getting Manifest... hbenl.vscode-test-explorer
[2022-08-06 17:04:36.938] [sharedprocess] [info] Installing extension: hbenl.vscode-test-explorer
[2022-08-06 17:04:37.074] [sharedprocess] [info] Getting Manifest... ms-vscode.test-adapter-converter
[2022-08-06 17:04:37.438] [sharedprocess] [info] Installing extension: ms-vscode.test-adapter-converter
[2022-08-06 17:04:43.242] [sharedprocess] [info] Downloaded extension: ms-vscode.test-adapter-converter /home/tom/.config/Code/CachedExtensionVSIXs/ms-vscode.test-adapter-converter-0.1.6
[2022-08-06 17:04:43.259] [sharedprocess] [info] Extracted extension to /home/tom/.vscode/extensions/.a0cfd5fd-85c5-42d4-9e21-e255cda62800: ms-vscode.test-adapter-converter
[2022-08-06 17:04:43.262] [sharedprocess] [info] Renamed to /home/tom/.vscode/extensions/ms-vscode.test-adapter-converter-0.1.6
[2022-08-06 17:04:43.264] [sharedprocess] [info] Extracting completed. ms-vscode.test-adapter-converter
[2022-08-06 17:04:44.033] [sharedprocess] [info] Downloaded extension: hbenl.vscode-test-explorer /home/tom/.config/Code/CachedExtensionVSIXs/hbenl.vscode-test-explorer-2.21.1
[2022-08-06 17:04:44.272] [sharedprocess] [info] Extracted extension to /home/tom/.vscode/extensions/.4ac53428-6789-453c-90cd-15e502402f49: hbenl.vscode-test-explorer
[2022-08-06 17:04:44.279] [sharedprocess] [info] Renamed to /home/tom/.vscode/extensions/hbenl.vscode-test-explorer-2.21.1
[2022-08-06 17:04:44.283] [sharedprocess] [info] Extracting completed. hbenl.vscode-test-explorer
[2022-08-06 17:04:44.285] [sharedprocess] [info] Extension installed successfully: ms-vscode.test-adapter-converter
[2022-08-06 17:04:44.286] [sharedprocess] [info] Extension installed successfully: hbenl.vscode-test-explorer
[2022-08-06 17:05:05.421] [sharedprocess] [info] Getting Manifest... kavod-io.vscode-jest-test-adapter
[2022-08-06 17:05:05.432] [sharedprocess] [info] Installing extension: kavod-io.vscode-jest-test-adapter
[2022-08-06 17:05:06.729] [sharedprocess] [info] Downloaded extension: kavod-io.vscode-jest-test-adapter /home/tom/.config/Code/CachedExtensionVSIXs/kavod-io.vscode-jest-test-adapter-0.8.1
[2022-08-06 17:05:07.211] [sharedprocess] [info] Extracted extension to /home/tom/.vscode/extensions/.e8b5169a-637c-4213-83c5-28b9d0102e3a: kavod-io.vscode-jest-test-adapter
[2022-08-06 17:05:07.220] [sharedprocess] [info] Renamed to /home/tom/.vscode/extensions/kavod-io.vscode-jest-test-adapter-0.8.1
[2022-08-06 17:05:07.224] [sharedprocess] [info] Extracting completed. kavod-io.vscode-jest-test-adapter
[2022-08-06 17:05:07.225] [sharedprocess] [info] Extension installed successfully: kavod-io.vscode-jest-test-adapter
[2022-08-06 17:15:52.642] [sharedprocess] [info] Getting Manifest... vscodevim.vim
[2022-08-06 17:15:52.649] [sharedprocess] [info] Installing extension: vscodevim.vim
[2022-08-06 17:15:53.951] [sharedprocess] [info] Downloaded extension: vscodevim.vim /home/tom/.config/Code/CachedExtensionVSIXs/vscodevim.vim-1.23.2
[2022-08-06 17:15:54.060] [sharedprocess] [info] Extracted extension to /home/tom/.vscode/extensions/.afca5f0e-2129-4e92-ad90-bbf2bf2f7517: vscodevim.vim
[2022-08-06 17:15:54.073] [sharedprocess] [info] Renamed to /home/tom/.vscode/extensions/vscodevim.vim-1.23.2
[2022-08-06 17:15:54.074] [sharedprocess] [info] Extracting completed. vscodevim.vim
[2022-08-06 17:15:54.076] [sharedprocess] [info] Extension installed successfully: vscodevim.vim
[2022-08-06 18:04:52.690] [sharedprocess] [info] Uninstalling extension: vscodevim.vim@1.23.2
[2022-08-06 18:04:52.914] [sharedprocess] [info] Detected extension removed from another source vscodevim.vim
[2022-08-06 18:04:52.928] [sharedprocess] [info] Successfully uninstalled extension: vscodevim.vim@1.23.2
[2022-08-06 18:05:00.944] [sharedprocess] [info] Getting Manifest... asvetliakov.vscode-neovim
[2022-08-06 18:05:00.960] [sharedprocess] [info] Installing extension: asvetliakov.vscode-neovim
[2022-08-06 18:05:02.559] [sharedprocess] [info] Downloaded extension: asvetliakov.vscode-neovim /home/tom/.config/Code/CachedExtensionVSIXs/asvetliakov.vscode-neovim-0.0.89
[2022-08-06 18:05:02.628] [sharedprocess] [info] Extracted extension to /home/tom/.vscode/extensions/.6de58186-aa77-499d-9f2e-06e16f6997fa: asvetliakov.vscode-neovim
[2022-08-06 18:05:02.633] [sharedprocess] [info] Renamed to /home/tom/.vscode/extensions/asvetliakov.vscode-neovim-0.0.89
[2022-08-06 18:05:02.635] [sharedprocess] [info] Extracting completed. asvetliakov.vscode-neovim
[2022-08-06 18:05:02.641] [sharedprocess] [info] Extension installed successfully: asvetliakov.vscode-neovim
[2022-08-06 18:05:37.339] [sharedprocess] [error] [uncaught exception in sharedProcess]: Cannot read properties of undefined (reading 'then'): TypeError: Cannot read properties of undefined (reading 'then')
    at onPromise (vscode-file://vscode-app/opt/visual-studio-code/resources/app/out/vs/code/electron-browser/sharedProcess/sharedProcessMain.js:23:4990)
    at onRawMessage (vscode-file://vscode-app/opt/visual-studio-code/resources/app/out/vs/code/electron-browser/sharedProcess/sharedProcessMain.js:23:4283)
    at vscode-file://vscode-app/opt/visual-studio-code/resources/app/out/vs/code/electron-browser/sharedProcess/sharedProcessMain.js:23:3564
    at S.invoke (vscode-file://vscode-app/opt/visual-studio-code/resources/app/out/vs/code/electron-browser/sharedProcess/sharedProcessMain.js:19:145)
    at m.deliver (vscode-file://vscode-app/opt/visual-studio-code/resources/app/out/vs/code/electron-browser/sharedProcess/sharedProcessMain.js:19:2266)
    at w.fire (vscode-file://vscode-app/opt/visual-studio-code/resources/app/out/vs/code/electron-browser/sharedProcess/sharedProcessMain.js:19:1844)
    at MessagePort.Z (vscode-file://vscode-app/opt/visual-studio-code/resources/app/out/vs/code/electron-browser/sharedProcess/sharedProcessMain.js:17:23629)
[2022-08-06 18:05:44.807] [sharedprocess] [error] [uncaught exception in sharedProcess]: Cannot read properties of undefined (reading 'then'): TypeError: Cannot read properties of undefined (reading 'then')
    at onPromise (vscode-file://vscode-app/opt/visual-studio-code/resources/app/out/vs/code/electron-browser/sharedProcess/sharedProcessMain.js:23:4990)
    at onRawMessage (vscode-file://vscode-app/opt/visual-studio-code/resources/app/out/vs/code/electron-browser/sharedProcess/sharedProcessMain.js:23:4283)
    at vscode-file://vscode-app/opt/visual-studio-code/resources/app/out/vs/code/electron-browser/sharedProcess/sharedProcessMain.js:23:3564
    at S.invoke (vscode-file://vscode-app/opt/visual-studio-code/resources/app/out/vs/code/electron-browser/sharedProcess/sharedProcessMain.js:19:145)
    at m.deliver (vscode-file://vscode-app/opt/visual-studio-code/resources/app/out/vs/code/electron-browser/sharedProcess/sharedProcessMain.js:19:2266)
    at w.fire (vscode-file://vscode-app/opt/visual-studio-code/resources/app/out/vs/code/electron-browser/sharedProcess/sharedProcessMain.js:19:1844)
    at MessagePort.Z (vscode-file://vscode-app/opt/visual-studio-code/resources/app/out/vs/code/electron-browser/sharedProcess/sharedProcessMain.js:17:23629)
